[Fri Jan 03 2014 17:50:50 GMT+0800 (CST)] /u/%E5%BC%A0%E5%AD%9D%E5%B3%B01/2013-12-30/%E5%BC%A0%E5%AD%9D%E5%B3%B01
SyntaxError: Unexpected token % in "/Users/zxq517/Documents/nodejs_learning/nodejs_demo/blog/views/article.ejs"
    at Object.Function (<anonymous>)
    at exports.compile (/Users/zxq517/Documents/nodejs_learning/nodejs_demo/blog/node_modules/ejs/lib/ejs.js:237:14)
    at Object.exports.render (/Users/zxq517/Documents/nodejs_learning/nodejs_demo/blog/node_modules/ejs/lib/ejs.js:284:10)
    at View.exports.renderFile [as engine] (/Users/zxq517/Documents/nodejs_learning/nodejs_demo/blog/node_modules/ejs/lib/ejs.js:318:20)
    at View.render (/Users/zxq517/Documents/nodejs_learning/nodejs_demo/blog/node_modules/express/lib/view.js:76:8)
    at Function.app.render (/Users/zxq517/Documents/nodejs_learning/nodejs_demo/blog/node_modules/express/lib/application.js:504:10)
    at ServerResponse.res.render (/Users/zxq517/Documents/nodejs_learning/nodejs_demo/blog/node_modules/express/lib/response.js:798:7)
    at /Users/zxq517/Documents/nodejs_learning/nodejs_demo/blog/routes/index.js:212:17
    at /Users/zxq517/Documents/nodejs_learning/nodejs_demo/blog/models/post.js:146:21
    at /Users/zxq517/Documents/nodejs_learning/nodejs_demo/blog/node_modules/mongodb/lib/mongodb/collection/query.js:147:5
[Fri Jan 03 2014 17:50:59 GMT+0800 (CST)] /u/%E5%BC%A0%E5%AD%9D%E5%B3%B01/2013-12-30/%E5%BC%A0%E5%AD%9D%E5%B3%B01
SyntaxError: Unexpected token % in "/Users/zxq517/Documents/nodejs_learning/nodejs_demo/blog/views/article.ejs"
    at Object.Function (<anonymous>)
    at exports.compile (/Users/zxq517/Documents/nodejs_learning/nodejs_demo/blog/node_modules/ejs/lib/ejs.js:237:14)
    at Object.exports.render (/Users/zxq517/Documents/nodejs_learning/nodejs_demo/blog/node_modules/ejs/lib/ejs.js:284:10)
    at View.exports.renderFile [as engine] (/Users/zxq517/Documents/nodejs_learning/nodejs_demo/blog/node_modules/ejs/lib/ejs.js:318:20)
    at View.render (/Users/zxq517/Documents/nodejs_learning/nodejs_demo/blog/node_modules/express/lib/view.js:76:8)
    at Function.app.render (/Users/zxq517/Documents/nodejs_learning/nodejs_demo/blog/node_modules/express/lib/application.js:504:10)
    at ServerResponse.res.render (/Users/zxq517/Documents/nodejs_learning/nodejs_demo/blog/node_modules/express/lib/response.js:798:7)
    at /Users/zxq517/Documents/nodejs_learning/nodejs_demo/blog/routes/index.js:212:17
    at /Users/zxq517/Documents/nodejs_learning/nodejs_demo/blog/models/post.js:146:21
    at /Users/zxq517/Documents/nodejs_learning/nodejs_demo/blog/node_modules/mongodb/lib/mongodb/collection/query.js:147:5
[Fri Jan 03 2014 17:51:15 GMT+0800 (CST)] /u/%E5%BC%A0%E5%AD%9D%E5%B3%B01/2013-12-30/%E5%BC%A0%E5%AD%9D%E5%B3%B01
SyntaxError: Unexpected token ; in "/Users/zxq517/Documents/nodejs_learning/nodejs_demo/blog/views/article.ejs"
    at Object.Function (<anonymous>)
    at exports.compile (/Users/zxq517/Documents/nodejs_learning/nodejs_demo/blog/node_modules/ejs/lib/ejs.js:237:14)
    at Object.exports.render (/Users/zxq517/Documents/nodejs_learning/nodejs_demo/blog/node_modules/ejs/lib/ejs.js:284:10)
    at View.exports.renderFile [as engine] (/Users/zxq517/Documents/nodejs_learning/nodejs_demo/blog/node_modules/ejs/lib/ejs.js:318:20)
    at View.render (/Users/zxq517/Documents/nodejs_learning/nodejs_demo/blog/node_modules/express/lib/view.js:76:8)
    at Function.app.render (/Users/zxq517/Documents/nodejs_learning/nodejs_demo/blog/node_modules/express/lib/application.js:504:10)
    at ServerResponse.res.render (/Users/zxq517/Documents/nodejs_learning/nodejs_demo/blog/node_modules/express/lib/response.js:798:7)
    at /Users/zxq517/Documents/nodejs_learning/nodejs_demo/blog/routes/index.js:212:17
    at /Users/zxq517/Documents/nodejs_learning/nodejs_demo/blog/models/post.js:146:21
    at /Users/zxq517/Documents/nodejs_learning/nodejs_demo/blog/node_modules/mongodb/lib/mongodb/collection/query.js:147:5
[Fri Jan 03 2014 17:51:21 GMT+0800 (CST)] /u/%E5%BC%A0%E5%AD%9D%E5%B3%B01/2013-12-30/%E5%BC%A0%E5%AD%9D%E5%B3%B01
SyntaxError: Unexpected token ; in "/Users/zxq517/Documents/nodejs_learning/nodejs_demo/blog/views/article.ejs"
    at Object.Function (<anonymous>)
    at exports.compile (/Users/zxq517/Documents/nodejs_learning/nodejs_demo/blog/node_modules/ejs/lib/ejs.js:237:14)
    at Object.exports.render (/Users/zxq517/Documents/nodejs_learning/nodejs_demo/blog/node_modules/ejs/lib/ejs.js:284:10)
    at View.exports.renderFile [as engine] (/Users/zxq517/Documents/nodejs_learning/nodejs_demo/blog/node_modules/ejs/lib/ejs.js:318:20)
    at View.render (/Users/zxq517/Documents/nodejs_learning/nodejs_demo/blog/node_modules/express/lib/view.js:76:8)
    at Function.app.render (/Users/zxq517/Documents/nodejs_learning/nodejs_demo/blog/node_modules/express/lib/application.js:504:10)
    at ServerResponse.res.render (/Users/zxq517/Documents/nodejs_learning/nodejs_demo/blog/node_modules/express/lib/response.js:798:7)
    at /Users/zxq517/Documents/nodejs_learning/nodejs_demo/blog/routes/index.js:212:17
    at /Users/zxq517/Documents/nodejs_learning/nodejs_demo/blog/models/post.js:146:21
    at /Users/zxq517/Documents/nodejs_learning/nodejs_demo/blog/node_modules/mongodb/lib/mongodb/collection/query.js:147:5
[Fri Jan 03 2014 17:55:11 GMT+0800 (CST)] /u/eric/2013-12-27/test%20pv
TypeError: /Users/zxq517/Documents/nodejs_learning/nodejs_demo/blog/views/article.ejs:9
    7|     <% var flag = 1 %>
    8|     <% if (user && (user.name != post.name)) { %>
 >> 9|     <% if ((post.reprint_info.reprint_from != undefined) && (user.name == post.reprint_info.reprint_from.name)) { %>
    10|     <% flag = 0 %>
    11|     <% } %>
    12|     <% if ((post.reprint_info.reprint_to != undefined)) { %>

Cannot read property 'reprint_from' of undefined
    at eval (eval at <anonymous> (/Users/zxq517/Documents/nodejs_learning/nodejs_demo/blog/node_modules/ejs/lib/ejs.js:237:14), <anonymous>:31:729)
    at eval (eval at <anonymous> (/Users/zxq517/Documents/nodejs_learning/nodejs_demo/blog/node_modules/ejs/lib/ejs.js:237:14), <anonymous>:35:35)
    at /Users/zxq517/Documents/nodejs_learning/nodejs_demo/blog/node_modules/ejs/lib/ejs.js:250:15
    at Object.exports.render (/Users/zxq517/Documents/nodejs_learning/nodejs_demo/blog/node_modules/ejs/lib/ejs.js:288:13)
    at View.exports.renderFile [as engine] (/Users/zxq517/Documents/nodejs_learning/nodejs_demo/blog/node_modules/ejs/lib/ejs.js:318:20)
    at View.render (/Users/zxq517/Documents/nodejs_learning/nodejs_demo/blog/node_modules/express/lib/view.js:76:8)
    at Function.app.render (/Users/zxq517/Documents/nodejs_learning/nodejs_demo/blog/node_modules/express/lib/application.js:504:10)
    at ServerResponse.res.render (/Users/zxq517/Documents/nodejs_learning/nodejs_demo/blog/node_modules/express/lib/response.js:798:7)
    at /Users/zxq517/Documents/nodejs_learning/nodejs_demo/blog/routes/index.js:212:17
    at /Users/zxq517/Documents/nodejs_learning/nodejs_demo/blog/models/post.js:146:21
[Fri Jan 03 2014 17:55:23 GMT+0800 (CST)] /u/%E5%BC%A0%E5%AD%9D%E5%B3%B01/2013-12-30/%E5%BC%A0%E5%AD%9D%E5%B3%B01
TypeError: /Users/zxq517/Documents/nodejs_learning/nodejs_demo/blog/views/article.ejs:9
    7|     <% var flag = 1 %>
    8|     <% if (user && (user.name != post.name)) { %>
 >> 9|     <% if ((post.reprint_info.reprint_from != undefined) && (user.name == post.reprint_info.reprint_from.name)) { %>
    10|     <% flag = 0 %>
    11|     <% } %>
    12|     <% if ((post.reprint_info.reprint_to != undefined)) { %>

Cannot read property 'reprint_from' of undefined
    at eval (eval at <anonymous> (/Users/zxq517/Documents/nodejs_learning/nodejs_demo/blog/node_modules/ejs/lib/ejs.js:237:14), <anonymous>:31:729)
    at eval (eval at <anonymous> (/Users/zxq517/Documents/nodejs_learning/nodejs_demo/blog/node_modules/ejs/lib/ejs.js:237:14), <anonymous>:35:35)
    at /Users/zxq517/Documents/nodejs_learning/nodejs_demo/blog/node_modules/ejs/lib/ejs.js:250:15
    at Object.exports.render (/Users/zxq517/Documents/nodejs_learning/nodejs_demo/blog/node_modules/ejs/lib/ejs.js:288:13)
    at View.exports.renderFile [as engine] (/Users/zxq517/Documents/nodejs_learning/nodejs_demo/blog/node_modules/ejs/lib/ejs.js:318:20)
    at View.render (/Users/zxq517/Documents/nodejs_learning/nodejs_demo/blog/node_modules/express/lib/view.js:76:8)
    at Function.app.render (/Users/zxq517/Documents/nodejs_learning/nodejs_demo/blog/node_modules/express/lib/application.js:504:10)
    at ServerResponse.res.render (/Users/zxq517/Documents/nodejs_learning/nodejs_demo/blog/node_modules/express/lib/response.js:798:7)
    at /Users/zxq517/Documents/nodejs_learning/nodejs_demo/blog/routes/index.js:212:17
    at /Users/zxq517/Documents/nodejs_learning/nodejs_demo/blog/models/post.js:146:21
[Fri Jan 03 2014 17:55:49 GMT+0800 (CST)] /u/%E5%BC%A0%E5%AD%9D%E5%B3%B01/2013-12-30/%E5%BC%A0%E5%AD%9D%E5%B3%B01
TypeError: /Users/zxq517/Documents/nodejs_learning/nodejs_demo/blog/views/article.ejs:9
    7|     <% var flag = 1 %>
    8|     <% if (user && (user.name != post.name)) { %>
 >> 9|     <% if ((post.reprint_info.reprint_from != undefined) && (user.name == post.reprint_info.reprint_from.name)) { %>
    10|     <% flag = 0 %>
    11|     <% } %>
    12|     <% if ((post.reprint_info.reprint_to != undefined)) { %>

Cannot read property 'reprint_from' of undefined
    at eval (eval at <anonymous> (/Users/zxq517/Documents/nodejs_learning/nodejs_demo/blog/node_modules/ejs/lib/ejs.js:237:14), <anonymous>:31:729)
    at eval (eval at <anonymous> (/Users/zxq517/Documents/nodejs_learning/nodejs_demo/blog/node_modules/ejs/lib/ejs.js:237:14), <anonymous>:35:35)
    at /Users/zxq517/Documents/nodejs_learning/nodejs_demo/blog/node_modules/ejs/lib/ejs.js:250:15
    at Object.exports.render (/Users/zxq517/Documents/nodejs_learning/nodejs_demo/blog/node_modules/ejs/lib/ejs.js:288:13)
    at View.exports.renderFile [as engine] (/Users/zxq517/Documents/nodejs_learning/nodejs_demo/blog/node_modules/ejs/lib/ejs.js:318:20)
    at View.render (/Users/zxq517/Documents/nodejs_learning/nodejs_demo/blog/node_modules/express/lib/view.js:76:8)
    at Function.app.render (/Users/zxq517/Documents/nodejs_learning/nodejs_demo/blog/node_modules/express/lib/application.js:504:10)
    at ServerResponse.res.render (/Users/zxq517/Documents/nodejs_learning/nodejs_demo/blog/node_modules/express/lib/response.js:798:7)
    at /Users/zxq517/Documents/nodejs_learning/nodejs_demo/blog/routes/index.js:212:17
    at /Users/zxq517/Documents/nodejs_learning/nodejs_demo/blog/models/post.js:146:21
[Fri Jan 03 2014 17:56:00 GMT+0800 (CST)] /u/%E5%BC%A0%E5%AD%9D%E5%B3%B01/2013-12-30/%E5%BC%A0%E5%AD%9D%E5%B3%B01
TypeError: /Users/zxq517/Documents/nodejs_learning/nodejs_demo/blog/views/article.ejs:9
    7|     <% var flag = 1 %>
    8|     <% if (user && (user.name != post.name)) { %>
 >> 9|     <% if ((post.reprint_info.reprint_from != undefined) && (user.name == post.reprint_info.reprint_from.name)) { %>
    10|     <% flag = 0 %>
    11|     <% } %>
    12|     <% if ((post.reprint_info.reprint_to != undefined)) { %>

Cannot read property 'reprint_from' of undefined
    at eval (eval at <anonymous> (/Users/zxq517/Documents/nodejs_learning/nodejs_demo/blog/node_modules/ejs/lib/ejs.js:237:14), <anonymous>:31:729)
    at eval (eval at <anonymous> (/Users/zxq517/Documents/nodejs_learning/nodejs_demo/blog/node_modules/ejs/lib/ejs.js:237:14), <anonymous>:35:35)
    at /Users/zxq517/Documents/nodejs_learning/nodejs_demo/blog/node_modules/ejs/lib/ejs.js:250:15
    at Object.exports.render (/Users/zxq517/Documents/nodejs_learning/nodejs_demo/blog/node_modules/ejs/lib/ejs.js:288:13)
    at View.exports.renderFile [as engine] (/Users/zxq517/Documents/nodejs_learning/nodejs_demo/blog/node_modules/ejs/lib/ejs.js:318:20)
    at View.render (/Users/zxq517/Documents/nodejs_learning/nodejs_demo/blog/node_modules/express/lib/view.js:76:8)
    at Function.app.render (/Users/zxq517/Documents/nodejs_learning/nodejs_demo/blog/node_modules/express/lib/application.js:504:10)
    at ServerResponse.res.render (/Users/zxq517/Documents/nodejs_learning/nodejs_demo/blog/node_modules/express/lib/response.js:798:7)
    at /Users/zxq517/Documents/nodejs_learning/nodejs_demo/blog/routes/index.js:212:17
    at /Users/zxq517/Documents/nodejs_learning/nodejs_demo/blog/models/post.js:146:21
[Fri Jan 03 2014 17:56:07 GMT+0800 (CST)] /u/%E5%BC%A0%E5%AD%9D%E5%B3%B01/2013-12-30/%E5%BC%A0%E5%AD%9D%E5%B3%B01
TypeError: /Users/zxq517/Documents/nodejs_learning/nodejs_demo/blog/views/article.ejs:9
    7|     <% var flag = 1 %>
    8|     <% if (user && (user.name != post.name)) { %>
 >> 9|     <% if ((post.reprint_info.reprint_from != undefined) && (user.name == post.reprint_info.reprint_from.name)) { %>
    10|     <% flag = 0 %>
    11|     <% } %>
    12|     <% if ((post.reprint_info.reprint_to != undefined)) { %>

Cannot read property 'reprint_from' of undefined
    at eval (eval at <anonymous> (/Users/zxq517/Documents/nodejs_learning/nodejs_demo/blog/node_modules/ejs/lib/ejs.js:237:14), <anonymous>:31:729)
    at eval (eval at <anonymous> (/Users/zxq517/Documents/nodejs_learning/nodejs_demo/blog/node_modules/ejs/lib/ejs.js:237:14), <anonymous>:35:35)
    at /Users/zxq517/Documents/nodejs_learning/nodejs_demo/blog/node_modules/ejs/lib/ejs.js:250:15
    at Object.exports.render (/Users/zxq517/Documents/nodejs_learning/nodejs_demo/blog/node_modules/ejs/lib/ejs.js:288:13)
    at View.exports.renderFile [as engine] (/Users/zxq517/Documents/nodejs_learning/nodejs_demo/blog/node_modules/ejs/lib/ejs.js:318:20)
    at View.render (/Users/zxq517/Documents/nodejs_learning/nodejs_demo/blog/node_modules/express/lib/view.js:76:8)
    at Function.app.render (/Users/zxq517/Documents/nodejs_learning/nodejs_demo/blog/node_modules/express/lib/application.js:504:10)
    at ServerResponse.res.render (/Users/zxq517/Documents/nodejs_learning/nodejs_demo/blog/node_modules/express/lib/response.js:798:7)
    at /Users/zxq517/Documents/nodejs_learning/nodejs_demo/blog/routes/index.js:212:17
    at /Users/zxq517/Documents/nodejs_learning/nodejs_demo/blog/models/post.js:146:21
[Fri Jan 03 2014 17:56:47 GMT+0800 (CST)] /u/eric/2013-12-27/test%20pv
TypeError: /Users/zxq517/Documents/nodejs_learning/nodejs_demo/blog/views/article.ejs:9
    7|     <% var flag = 1 %>
    8|     <% if (user && (user.name != post.name)) { %>
 >> 9|     <% if ((post.reprint_info.reprint_from != undefined) && (user.name == post.reprint_info.reprint_from.name)) { %>
    10|     <% flag = 0 %>
    11|     <% } %>
    12|     <% if ((post.reprint_info.reprint_to != undefined)) { %>

Cannot read property 'reprint_from' of undefined
    at eval (eval at <anonymous> (/Users/zxq517/Documents/nodejs_learning/nodejs_demo/blog/node_modules/ejs/lib/ejs.js:237:14), <anonymous>:31:729)
    at eval (eval at <anonymous> (/Users/zxq517/Documents/nodejs_learning/nodejs_demo/blog/node_modules/ejs/lib/ejs.js:237:14), <anonymous>:35:35)
    at /Users/zxq517/Documents/nodejs_learning/nodejs_demo/blog/node_modules/ejs/lib/ejs.js:250:15
    at Object.exports.render (/Users/zxq517/Documents/nodejs_learning/nodejs_demo/blog/node_modules/ejs/lib/ejs.js:288:13)
    at View.exports.renderFile [as engine] (/Users/zxq517/Documents/nodejs_learning/nodejs_demo/blog/node_modules/ejs/lib/ejs.js:318:20)
    at View.render (/Users/zxq517/Documents/nodejs_learning/nodejs_demo/blog/node_modules/express/lib/view.js:76:8)
    at Function.app.render (/Users/zxq517/Documents/nodejs_learning/nodejs_demo/blog/node_modules/express/lib/application.js:504:10)
    at ServerResponse.res.render (/Users/zxq517/Documents/nodejs_learning/nodejs_demo/blog/node_modules/express/lib/response.js:798:7)
    at /Users/zxq517/Documents/nodejs_learning/nodejs_demo/blog/routes/index.js:212:17
    at /Users/zxq517/Documents/nodejs_learning/nodejs_demo/blog/models/post.js:146:21
[Fri Jan 03 2014 17:57:38 GMT+0800 (CST)] /u/eric/2013-12-27/test%20pv
TypeError: /Users/zxq517/Documents/nodejs_learning/nodejs_demo/blog/views/article.ejs:9
    7|     <% var flag = 1 %>
    8|     <% if (user && (user.name != post.name)) { %>
 >> 9|     <% if ((post.reprint_info.reprint_from != undefined) && (user.name == post.reprint_info.reprint_from.name)) { %>
    10|     <% flag = 0 %>
    11|     <% } %>
    12|     <% if ((post.reprint_info.reprint_to != undefined)) { %>

Cannot read property 'reprint_from' of undefined
    at eval (eval at <anonymous> (/Users/zxq517/Documents/nodejs_learning/nodejs_demo/blog/node_modules/ejs/lib/ejs.js:237:14), <anonymous>:31:729)
    at eval (eval at <anonymous> (/Users/zxq517/Documents/nodejs_learning/nodejs_demo/blog/node_modules/ejs/lib/ejs.js:237:14), <anonymous>:35:35)
    at /Users/zxq517/Documents/nodejs_learning/nodejs_demo/blog/node_modules/ejs/lib/ejs.js:250:15
    at Object.exports.render (/Users/zxq517/Documents/nodejs_learning/nodejs_demo/blog/node_modules/ejs/lib/ejs.js:288:13)
    at View.exports.renderFile [as engine] (/Users/zxq517/Documents/nodejs_learning/nodejs_demo/blog/node_modules/ejs/lib/ejs.js:318:20)
    at View.render (/Users/zxq517/Documents/nodejs_learning/nodejs_demo/blog/node_modules/express/lib/view.js:76:8)
    at Function.app.render (/Users/zxq517/Documents/nodejs_learning/nodejs_demo/blog/node_modules/express/lib/application.js:504:10)
    at ServerResponse.res.render (/Users/zxq517/Documents/nodejs_learning/nodejs_demo/blog/node_modules/express/lib/response.js:798:7)
    at /Users/zxq517/Documents/nodejs_learning/nodejs_demo/blog/routes/index.js:212:17
    at /Users/zxq517/Documents/nodejs_learning/nodejs_demo/blog/models/post.js:146:21
[Fri Jan 03 2014 17:57:50 GMT+0800 (CST)] /u/eric/2013-12-27/tag%20test2
TypeError: /Users/zxq517/Documents/nodejs_learning/nodejs_demo/blog/views/article.ejs:9
    7|     <% var flag = 1 %>
    8|     <% if (user && (user.name != post.name)) { %>
 >> 9|     <% if ((post.reprint_info.reprint_from != undefined) && (user.name == post.reprint_info.reprint_from.name)) { %>
    10|     <% flag = 0 %>
    11|     <% } %>
    12|     <% if ((post.reprint_info.reprint_to != undefined)) { %>

Cannot read property 'reprint_from' of undefined
    at eval (eval at <anonymous> (/Users/zxq517/Documents/nodejs_learning/nodejs_demo/blog/node_modules/ejs/lib/ejs.js:237:14), <anonymous>:31:729)
    at eval (eval at <anonymous> (/Users/zxq517/Documents/nodejs_learning/nodejs_demo/blog/node_modules/ejs/lib/ejs.js:237:14), <anonymous>:35:35)
    at /Users/zxq517/Documents/nodejs_learning/nodejs_demo/blog/node_modules/ejs/lib/ejs.js:250:15
    at Object.exports.render (/Users/zxq517/Documents/nodejs_learning/nodejs_demo/blog/node_modules/ejs/lib/ejs.js:288:13)
    at View.exports.renderFile [as engine] (/Users/zxq517/Documents/nodejs_learning/nodejs_demo/blog/node_modules/ejs/lib/ejs.js:318:20)
    at View.render (/Users/zxq517/Documents/nodejs_learning/nodejs_demo/blog/node_modules/express/lib/view.js:76:8)
    at Function.app.render (/Users/zxq517/Documents/nodejs_learning/nodejs_demo/blog/node_modules/express/lib/application.js:504:10)
    at ServerResponse.res.render (/Users/zxq517/Documents/nodejs_learning/nodejs_demo/blog/node_modules/express/lib/response.js:798:7)
    at /Users/zxq517/Documents/nodejs_learning/nodejs_demo/blog/routes/index.js:212:17
    at /Users/zxq517/Documents/nodejs_learning/nodejs_demo/blog/models/post.js:146:21
[Fri Jan 03 2014 17:58:22 GMT+0800 (CST)] /u/%E5%BC%A0%E5%AD%9D%E5%B3%B01/2013-12-30/%E5%BC%A0%E5%AD%9D%E5%B3%B01
TypeError: /Users/zxq517/Documents/nodejs_learning/nodejs_demo/blog/views/article.ejs:9
    7|     <% var flag = 1 %>
    8|     <% if (user && (user.name != post.name)) { %>
 >> 9|     <% if ((post.reprint_info.reprint_from != undefined) && (user.name == post.reprint_info.reprint_from.name)) { %>
    10|     <% flag = 0 %>
    11|     <% } %>
    12|     <% if ((post.reprint_info.reprint_to != undefined)) { %>

Cannot read property 'reprint_from' of undefined
    at eval (eval at <anonymous> (/Users/zxq517/Documents/nodejs_learning/nodejs_demo/blog/node_modules/ejs/lib/ejs.js:237:14), <anonymous>:31:729)
    at eval (eval at <anonymous> (/Users/zxq517/Documents/nodejs_learning/nodejs_demo/blog/node_modules/ejs/lib/ejs.js:237:14), <anonymous>:35:35)
    at /Users/zxq517/Documents/nodejs_learning/nodejs_demo/blog/node_modules/ejs/lib/ejs.js:250:15
    at Object.exports.render (/Users/zxq517/Documents/nodejs_learning/nodejs_demo/blog/node_modules/ejs/lib/ejs.js:288:13)
    at View.exports.renderFile [as engine] (/Users/zxq517/Documents/nodejs_learning/nodejs_demo/blog/node_modules/ejs/lib/ejs.js:318:20)
    at View.render (/Users/zxq517/Documents/nodejs_learning/nodejs_demo/blog/node_modules/express/lib/view.js:76:8)
    at Function.app.render (/Users/zxq517/Documents/nodejs_learning/nodejs_demo/blog/node_modules/express/lib/application.js:504:10)
    at ServerResponse.res.render (/Users/zxq517/Documents/nodejs_learning/nodejs_demo/blog/node_modules/express/lib/response.js:798:7)
    at /Users/zxq517/Documents/nodejs_learning/nodejs_demo/blog/routes/index.js:212:17
    at /Users/zxq517/Documents/nodejs_learning/nodejs_demo/blog/models/post.js:146:21
[Fri Jan 03 2014 17:58:27 GMT+0800 (CST)] /u/%E5%BC%A0%E5%AD%9D%E5%B3%B01/2013-12-30/%E5%BC%A0%E5%AD%9D%E5%B3%B01
TypeError: /Users/zxq517/Documents/nodejs_learning/nodejs_demo/blog/views/article.ejs:9
    7|     <% var flag = 1 %>
    8|     <% if (user && (user.name != post.name)) { %>
 >> 9|     <% if ((post.reprint_info.reprint_from != undefined) && (user.name == post.reprint_info.reprint_from.name)) { %>
    10|     <% flag = 0 %>
    11|     <% } %>
    12|     <% if ((post.reprint_info.reprint_to != undefined)) { %>

Cannot read property 'reprint_from' of undefined
    at eval (eval at <anonymous> (/Users/zxq517/Documents/nodejs_learning/nodejs_demo/blog/node_modules/ejs/lib/ejs.js:237:14), <anonymous>:31:729)
    at eval (eval at <anonymous> (/Users/zxq517/Documents/nodejs_learning/nodejs_demo/blog/node_modules/ejs/lib/ejs.js:237:14), <anonymous>:35:35)
    at /Users/zxq517/Documents/nodejs_learning/nodejs_demo/blog/node_modules/ejs/lib/ejs.js:250:15
    at Object.exports.render (/Users/zxq517/Documents/nodejs_learning/nodejs_demo/blog/node_modules/ejs/lib/ejs.js:288:13)
    at View.exports.renderFile [as engine] (/Users/zxq517/Documents/nodejs_learning/nodejs_demo/blog/node_modules/ejs/lib/ejs.js:318:20)
    at View.render (/Users/zxq517/Documents/nodejs_learning/nodejs_demo/blog/node_modules/express/lib/view.js:76:8)
    at Function.app.render (/Users/zxq517/Documents/nodejs_learning/nodejs_demo/blog/node_modules/express/lib/application.js:504:10)
    at ServerResponse.res.render (/Users/zxq517/Documents/nodejs_learning/nodejs_demo/blog/node_modules/express/lib/response.js:798:7)
    at /Users/zxq517/Documents/nodejs_learning/nodejs_demo/blog/routes/index.js:212:17
    at /Users/zxq517/Documents/nodejs_learning/nodejs_demo/blog/models/post.js:146:21
[Fri Jan 03 2014 17:58:40 GMT+0800 (CST)] /u/%E5%BC%A0%E5%AD%9D%E5%B3%B01/2013-12-30/%E5%BC%A0%E5%AD%9D%E5%B3%B01
TypeError: /Users/zxq517/Documents/nodejs_learning/nodejs_demo/blog/views/article.ejs:9
    7|     <% var flag = 1 %>
    8|     <% if (user && (user.name != post.name)) { %>
 >> 9|     <% if ((post.reprint_info.reprint_from != undefined) && (user.name == post.reprint_info.reprint_from.name)) { %>
    10|     <% flag = 0 %>
    11|     <% } %>
    12|     <% if ((post.reprint_info.reprint_to != undefined)) { %>

Cannot read property 'reprint_from' of undefined
    at eval (eval at <anonymous> (/Users/zxq517/Documents/nodejs_learning/nodejs_demo/blog/node_modules/ejs/lib/ejs.js:237:14), <anonymous>:31:729)
    at eval (eval at <anonymous> (/Users/zxq517/Documents/nodejs_learning/nodejs_demo/blog/node_modules/ejs/lib/ejs.js:237:14), <anonymous>:35:35)
    at /Users/zxq517/Documents/nodejs_learning/nodejs_demo/blog/node_modules/ejs/lib/ejs.js:250:15
    at Object.exports.render (/Users/zxq517/Documents/nodejs_learning/nodejs_demo/blog/node_modules/ejs/lib/ejs.js:288:13)
    at View.exports.renderFile [as engine] (/Users/zxq517/Documents/nodejs_learning/nodejs_demo/blog/node_modules/ejs/lib/ejs.js:318:20)
    at View.render (/Users/zxq517/Documents/nodejs_learning/nodejs_demo/blog/node_modules/express/lib/view.js:76:8)
    at Function.app.render (/Users/zxq517/Documents/nodejs_learning/nodejs_demo/blog/node_modules/express/lib/application.js:504:10)
    at ServerResponse.res.render (/Users/zxq517/Documents/nodejs_learning/nodejs_demo/blog/node_modules/express/lib/response.js:798:7)
    at /Users/zxq517/Documents/nodejs_learning/nodejs_demo/blog/routes/index.js:212:17
    at /Users/zxq517/Documents/nodejs_learning/nodejs_demo/blog/models/post.js:146:21
[Fri Jan 03 2014 17:58:51 GMT+0800 (CST)] /u/eric/2013-12-27/test15
TypeError: /Users/zxq517/Documents/nodejs_learning/nodejs_demo/blog/views/article.ejs:9
    7|     <% var flag = 1 %>
    8|     <% if (user && (user.name != post.name)) { %>
 >> 9|     <% if ((post.reprint_info.reprint_from != undefined) && (user.name == post.reprint_info.reprint_from.name)) { %>
    10|     <% flag = 0 %>
    11|     <% } %>
    12|     <% if ((post.reprint_info.reprint_to != undefined)) { %>

Cannot read property 'reprint_from' of undefined
    at eval (eval at <anonymous> (/Users/zxq517/Documents/nodejs_learning/nodejs_demo/blog/node_modules/ejs/lib/ejs.js:237:14), <anonymous>:31:729)
    at eval (eval at <anonymous> (/Users/zxq517/Documents/nodejs_learning/nodejs_demo/blog/node_modules/ejs/lib/ejs.js:237:14), <anonymous>:35:35)
    at /Users/zxq517/Documents/nodejs_learning/nodejs_demo/blog/node_modules/ejs/lib/ejs.js:250:15
    at Object.exports.render (/Users/zxq517/Documents/nodejs_learning/nodejs_demo/blog/node_modules/ejs/lib/ejs.js:288:13)
    at View.exports.renderFile [as engine] (/Users/zxq517/Documents/nodejs_learning/nodejs_demo/blog/node_modules/ejs/lib/ejs.js:318:20)
    at View.render (/Users/zxq517/Documents/nodejs_learning/nodejs_demo/blog/node_modules/express/lib/view.js:76:8)
    at Function.app.render (/Users/zxq517/Documents/nodejs_learning/nodejs_demo/blog/node_modules/express/lib/application.js:504:10)
    at ServerResponse.res.render (/Users/zxq517/Documents/nodejs_learning/nodejs_demo/blog/node_modules/express/lib/response.js:798:7)
    at /Users/zxq517/Documents/nodejs_learning/nodejs_demo/blog/routes/index.js:212:17
    at /Users/zxq517/Documents/nodejs_learning/nodejs_demo/blog/models/post.js:146:21
[Fri Jan 03 2014 18:01:07 GMT+0800 (CST)] /
SyntaxError: Unexpected token if in "/Users/zxq517/Documents/nodejs_learning/nodejs_demo/blog/views/index.ejs"
    at Object.Function (<anonymous>)
    at exports.compile (/Users/zxq517/Documents/nodejs_learning/nodejs_demo/blog/node_modules/ejs/lib/ejs.js:237:14)
    at Object.exports.render (/Users/zxq517/Documents/nodejs_learning/nodejs_demo/blog/node_modules/ejs/lib/ejs.js:284:10)
    at View.exports.renderFile [as engine] (/Users/zxq517/Documents/nodejs_learning/nodejs_demo/blog/node_modules/ejs/lib/ejs.js:318:20)
    at View.render (/Users/zxq517/Documents/nodejs_learning/nodejs_demo/blog/node_modules/express/lib/view.js:76:8)
    at Function.app.render (/Users/zxq517/Documents/nodejs_learning/nodejs_demo/blog/node_modules/express/lib/application.js:504:10)
    at ServerResponse.res.render (/Users/zxq517/Documents/nodejs_learning/nodejs_demo/blog/node_modules/express/lib/response.js:798:7)
    at /Users/zxq517/Documents/nodejs_learning/nodejs_demo/blog/routes/index.js:16:17
    at /Users/zxq517/Documents/nodejs_learning/nodejs_demo/blog/models/post.js:97:25
    at /Users/zxq517/Documents/nodejs_learning/nodejs_demo/blog/node_modules/mongodb/lib/mongodb/cursor.js:162:16
[Fri Jan 03 2014 18:01:09 GMT+0800 (CST)] /
SyntaxError: Unexpected token if in "/Users/zxq517/Documents/nodejs_learning/nodejs_demo/blog/views/index.ejs"
    at Object.Function (<anonymous>)
    at exports.compile (/Users/zxq517/Documents/nodejs_learning/nodejs_demo/blog/node_modules/ejs/lib/ejs.js:237:14)
    at Object.exports.render (/Users/zxq517/Documents/nodejs_learning/nodejs_demo/blog/node_modules/ejs/lib/ejs.js:284:10)
    at View.exports.renderFile [as engine] (/Users/zxq517/Documents/nodejs_learning/nodejs_demo/blog/node_modules/ejs/lib/ejs.js:318:20)
    at View.render (/Users/zxq517/Documents/nodejs_learning/nodejs_demo/blog/node_modules/express/lib/view.js:76:8)
    at Function.app.render (/Users/zxq517/Documents/nodejs_learning/nodejs_demo/blog/node_modules/express/lib/application.js:504:10)
    at ServerResponse.res.render (/Users/zxq517/Documents/nodejs_learning/nodejs_demo/blog/node_modules/express/lib/response.js:798:7)
    at /Users/zxq517/Documents/nodejs_learning/nodejs_demo/blog/routes/index.js:16:17
    at /Users/zxq517/Documents/nodejs_learning/nodejs_demo/blog/models/post.js:97:25
    at /Users/zxq517/Documents/nodejs_learning/nodejs_demo/blog/node_modules/mongodb/lib/mongodb/cursor.js:162:16
[Fri Jan 03 2014 18:01:23 GMT+0800 (CST)] /
SyntaxError: Unexpected token if in "/Users/zxq517/Documents/nodejs_learning/nodejs_demo/blog/views/index.ejs"
    at Object.Function (<anonymous>)
    at exports.compile (/Users/zxq517/Documents/nodejs_learning/nodejs_demo/blog/node_modules/ejs/lib/ejs.js:237:14)
    at Object.exports.render (/Users/zxq517/Documents/nodejs_learning/nodejs_demo/blog/node_modules/ejs/lib/ejs.js:284:10)
    at View.exports.renderFile [as engine] (/Users/zxq517/Documents/nodejs_learning/nodejs_demo/blog/node_modules/ejs/lib/ejs.js:318:20)
    at View.render (/Users/zxq517/Documents/nodejs_learning/nodejs_demo/blog/node_modules/express/lib/view.js:76:8)
    at Function.app.render (/Users/zxq517/Documents/nodejs_learning/nodejs_demo/blog/node_modules/express/lib/application.js:504:10)
    at ServerResponse.res.render (/Users/zxq517/Documents/nodejs_learning/nodejs_demo/blog/node_modules/express/lib/response.js:798:7)
    at /Users/zxq517/Documents/nodejs_learning/nodejs_demo/blog/routes/index.js:16:17
    at /Users/zxq517/Documents/nodejs_learning/nodejs_demo/blog/models/post.js:97:25
    at /Users/zxq517/Documents/nodejs_learning/nodejs_demo/blog/node_modules/mongodb/lib/mongodb/cursor.js:162:16
[Fri Jan 03 2014 18:01:27 GMT+0800 (CST)] /
SyntaxError: Unexpected token if in "/Users/zxq517/Documents/nodejs_learning/nodejs_demo/blog/views/index.ejs"
    at Object.Function (<anonymous>)
    at exports.compile (/Users/zxq517/Documents/nodejs_learning/nodejs_demo/blog/node_modules/ejs/lib/ejs.js:237:14)
    at Object.exports.render (/Users/zxq517/Documents/nodejs_learning/nodejs_demo/blog/node_modules/ejs/lib/ejs.js:284:10)
    at View.exports.renderFile [as engine] (/Users/zxq517/Documents/nodejs_learning/nodejs_demo/blog/node_modules/ejs/lib/ejs.js:318:20)
    at View.render (/Users/zxq517/Documents/nodejs_learning/nodejs_demo/blog/node_modules/express/lib/view.js:76:8)
    at Function.app.render (/Users/zxq517/Documents/nodejs_learning/nodejs_demo/blog/node_modules/express/lib/application.js:504:10)
    at ServerResponse.res.render (/Users/zxq517/Documents/nodejs_learning/nodejs_demo/blog/node_modules/express/lib/response.js:798:7)
    at /Users/zxq517/Documents/nodejs_learning/nodejs_demo/blog/routes/index.js:16:17
    at /Users/zxq517/Documents/nodejs_learning/nodejs_demo/blog/models/post.js:97:25
    at /Users/zxq517/Documents/nodejs_learning/nodejs_demo/blog/node_modules/mongodb/lib/mongodb/cursor.js:162:16
[Fri Jan 03 2014 18:02:20 GMT+0800 (CST)] /u/%E5%BC%A0%E5%AD%9D%E5%B3%B01/2013-12-30/%E5%BC%A0%E5%AD%9D%E5%B3%B01
TypeError: /Users/zxq517/Documents/nodejs_learning/nodejs_demo/blog/views/article.ejs:9
    7|     <% var flag = 1 %>
    8|     <% if (user && (user.name != post.name)) { %>
 >> 9|     <% if ((post.reprint_info.reprint_from != undefined) && (user.name == post.reprint_info.reprint_from.name)) { %>
    10|     <% flag = 0 %>
    11|     <% } %>
    12|     <% if ((post.reprint_info.reprint_to != undefined)) { %>

Cannot read property 'reprint_from' of undefined
    at eval (eval at <anonymous> (/Users/zxq517/Documents/nodejs_learning/nodejs_demo/blog/node_modules/ejs/lib/ejs.js:237:14), <anonymous>:31:729)
    at eval (eval at <anonymous> (/Users/zxq517/Documents/nodejs_learning/nodejs_demo/blog/node_modules/ejs/lib/ejs.js:237:14), <anonymous>:35:35)
    at /Users/zxq517/Documents/nodejs_learning/nodejs_demo/blog/node_modules/ejs/lib/ejs.js:250:15
    at Object.exports.render (/Users/zxq517/Documents/nodejs_learning/nodejs_demo/blog/node_modules/ejs/lib/ejs.js:288:13)
    at View.exports.renderFile [as engine] (/Users/zxq517/Documents/nodejs_learning/nodejs_demo/blog/node_modules/ejs/lib/ejs.js:318:20)
    at View.render (/Users/zxq517/Documents/nodejs_learning/nodejs_demo/blog/node_modules/express/lib/view.js:76:8)
    at Function.app.render (/Users/zxq517/Documents/nodejs_learning/nodejs_demo/blog/node_modules/express/lib/application.js:504:10)
    at ServerResponse.res.render (/Users/zxq517/Documents/nodejs_learning/nodejs_demo/blog/node_modules/express/lib/response.js:798:7)
    at /Users/zxq517/Documents/nodejs_learning/nodejs_demo/blog/routes/index.js:212:17
    at /Users/zxq517/Documents/nodejs_learning/nodejs_demo/blog/models/post.js:146:21
[Fri Jan 03 2014 18:02:28 GMT+0800 (CST)] /u/eric/2013-12-27/test%20pv
TypeError: /Users/zxq517/Documents/nodejs_learning/nodejs_demo/blog/views/article.ejs:9
    7|     <% var flag = 1 %>
    8|     <% if (user && (user.name != post.name)) { %>
 >> 9|     <% if ((post.reprint_info.reprint_from != undefined) && (user.name == post.reprint_info.reprint_from.name)) { %>
    10|     <% flag = 0 %>
    11|     <% } %>
    12|     <% if ((post.reprint_info.reprint_to != undefined)) { %>

Cannot read property 'reprint_from' of undefined
    at eval (eval at <anonymous> (/Users/zxq517/Documents/nodejs_learning/nodejs_demo/blog/node_modules/ejs/lib/ejs.js:237:14), <anonymous>:31:729)
    at eval (eval at <anonymous> (/Users/zxq517/Documents/nodejs_learning/nodejs_demo/blog/node_modules/ejs/lib/ejs.js:237:14), <anonymous>:35:35)
    at /Users/zxq517/Documents/nodejs_learning/nodejs_demo/blog/node_modules/ejs/lib/ejs.js:250:15
    at Object.exports.render (/Users/zxq517/Documents/nodejs_learning/nodejs_demo/blog/node_modules/ejs/lib/ejs.js:288:13)
    at View.exports.renderFile [as engine] (/Users/zxq517/Documents/nodejs_learning/nodejs_demo/blog/node_modules/ejs/lib/ejs.js:318:20)
    at View.render (/Users/zxq517/Documents/nodejs_learning/nodejs_demo/blog/node_modules/express/lib/view.js:76:8)
    at Function.app.render (/Users/zxq517/Documents/nodejs_learning/nodejs_demo/blog/node_modules/express/lib/application.js:504:10)
    at ServerResponse.res.render (/Users/zxq517/Documents/nodejs_learning/nodejs_demo/blog/node_modules/express/lib/response.js:798:7)
    at /Users/zxq517/Documents/nodejs_learning/nodejs_demo/blog/routes/index.js:212:17
    at /Users/zxq517/Documents/nodejs_learning/nodejs_demo/blog/models/post.js:146:21
[Fri Jan 03 2014 18:02:52 GMT+0800 (CST)] /u/eric/2013-12-27/test19
TypeError: /Users/zxq517/Documents/nodejs_learning/nodejs_demo/blog/views/article.ejs:9
    7|     <% var flag = 1 %>
    8|     <% if (user && (user.name != post.name)) { %>
 >> 9|     <% if ((post.reprint_info.reprint_from != undefined) && (user.name == post.reprint_info.reprint_from.name)) { %>
    10|     <% flag = 0 %>
    11|     <% } %>
    12|     <% if ((post.reprint_info.reprint_to != undefined)) { %>

Cannot read property 'reprint_from' of undefined
    at eval (eval at <anonymous> (/Users/zxq517/Documents/nodejs_learning/nodejs_demo/blog/node_modules/ejs/lib/ejs.js:237:14), <anonymous>:31:729)
    at eval (eval at <anonymous> (/Users/zxq517/Documents/nodejs_learning/nodejs_demo/blog/node_modules/ejs/lib/ejs.js:237:14), <anonymous>:35:35)
    at /Users/zxq517/Documents/nodejs_learning/nodejs_demo/blog/node_modules/ejs/lib/ejs.js:250:15
    at Object.exports.render (/Users/zxq517/Documents/nodejs_learning/nodejs_demo/blog/node_modules/ejs/lib/ejs.js:288:13)
    at View.exports.renderFile [as engine] (/Users/zxq517/Documents/nodejs_learning/nodejs_demo/blog/node_modules/ejs/lib/ejs.js:318:20)
    at View.render (/Users/zxq517/Documents/nodejs_learning/nodejs_demo/blog/node_modules/express/lib/view.js:76:8)
    at Function.app.render (/Users/zxq517/Documents/nodejs_learning/nodejs_demo/blog/node_modules/express/lib/application.js:504:10)
    at ServerResponse.res.render (/Users/zxq517/Documents/nodejs_learning/nodejs_demo/blog/node_modules/express/lib/response.js:798:7)
    at /Users/zxq517/Documents/nodejs_learning/nodejs_demo/blog/routes/index.js:212:17
    at /Users/zxq517/Documents/nodejs_learning/nodejs_demo/blog/models/post.js:146:21
[Fri Jan 03 2014 18:04:16 GMT+0800 (CST)] /u/eric/2013-12-27/test19
TypeError: /Users/zxq517/Documents/nodejs_learning/nodejs_demo/blog/views/article.ejs:9
    7|     <% var flag = 1 %>
    8|     <% if (user && (user.name != post.name)) { %>
 >> 9|     <% if ((post.reprint_info.reprint_from != undefined) && (user.name == post.reprint_info.reprint_from.name)) { %>
    10|     <% flag = 0 %>
    11|     <% } %>
    12|     <% if ((post.reprint_info.reprint_to != undefined)) { %>

Cannot read property 'reprint_from' of undefined
    at eval (eval at <anonymous> (/Users/zxq517/Documents/nodejs_learning/nodejs_demo/blog/node_modules/ejs/lib/ejs.js:237:14), <anonymous>:31:729)
    at eval (eval at <anonymous> (/Users/zxq517/Documents/nodejs_learning/nodejs_demo/blog/node_modules/ejs/lib/ejs.js:237:14), <anonymous>:35:35)
    at /Users/zxq517/Documents/nodejs_learning/nodejs_demo/blog/node_modules/ejs/lib/ejs.js:250:15
    at Object.exports.render (/Users/zxq517/Documents/nodejs_learning/nodejs_demo/blog/node_modules/ejs/lib/ejs.js:288:13)
    at View.exports.renderFile [as engine] (/Users/zxq517/Documents/nodejs_learning/nodejs_demo/blog/node_modules/ejs/lib/ejs.js:318:20)
    at View.render (/Users/zxq517/Documents/nodejs_learning/nodejs_demo/blog/node_modules/express/lib/view.js:76:8)
    at Function.app.render (/Users/zxq517/Documents/nodejs_learning/nodejs_demo/blog/node_modules/express/lib/application.js:504:10)
    at ServerResponse.res.render (/Users/zxq517/Documents/nodejs_learning/nodejs_demo/blog/node_modules/express/lib/response.js:798:7)
    at /Users/zxq517/Documents/nodejs_learning/nodejs_demo/blog/routes/index.js:212:17
    at /Users/zxq517/Documents/nodejs_learning/nodejs_demo/blog/models/post.js:146:21
[Fri Jan 03 2014 18:04:18 GMT+0800 (CST)] /u/eric/2013-12-27/test19
TypeError: /Users/zxq517/Documents/nodejs_learning/nodejs_demo/blog/views/article.ejs:9
    7|     <% var flag = 1 %>
    8|     <% if (user && (user.name != post.name)) { %>
 >> 9|     <% if ((post.reprint_info.reprint_from != undefined) && (user.name == post.reprint_info.reprint_from.name)) { %>
    10|     <% flag = 0 %>
    11|     <% } %>
    12|     <% if ((post.reprint_info.reprint_to != undefined)) { %>

Cannot read property 'reprint_from' of undefined
    at eval (eval at <anonymous> (/Users/zxq517/Documents/nodejs_learning/nodejs_demo/blog/node_modules/ejs/lib/ejs.js:237:14), <anonymous>:31:729)
    at eval (eval at <anonymous> (/Users/zxq517/Documents/nodejs_learning/nodejs_demo/blog/node_modules/ejs/lib/ejs.js:237:14), <anonymous>:35:35)
    at /Users/zxq517/Documents/nodejs_learning/nodejs_demo/blog/node_modules/ejs/lib/ejs.js:250:15
    at Object.exports.render (/Users/zxq517/Documents/nodejs_learning/nodejs_demo/blog/node_modules/ejs/lib/ejs.js:288:13)
    at View.exports.renderFile [as engine] (/Users/zxq517/Documents/nodejs_learning/nodejs_demo/blog/node_modules/ejs/lib/ejs.js:318:20)
    at View.render (/Users/zxq517/Documents/nodejs_learning/nodejs_demo/blog/node_modules/express/lib/view.js:76:8)
    at Function.app.render (/Users/zxq517/Documents/nodejs_learning/nodejs_demo/blog/node_modules/express/lib/application.js:504:10)
    at ServerResponse.res.render (/Users/zxq517/Documents/nodejs_learning/nodejs_demo/blog/node_modules/express/lib/response.js:798:7)
    at /Users/zxq517/Documents/nodejs_learning/nodejs_demo/blog/routes/index.js:212:17
    at /Users/zxq517/Documents/nodejs_learning/nodejs_demo/blog/models/post.js:146:21
[Fri Jan 03 2014 18:04:20 GMT+0800 (CST)] /u/eric/2013-12-27/test19
TypeError: /Users/zxq517/Documents/nodejs_learning/nodejs_demo/blog/views/article.ejs:9
    7|     <% var flag = 1 %>
    8|     <% if (user && (user.name != post.name)) { %>
 >> 9|     <% if ((post.reprint_info.reprint_from != undefined) && (user.name == post.reprint_info.reprint_from.name)) { %>
    10|     <% flag = 0 %>
    11|     <% } %>
    12|     <% if ((post.reprint_info.reprint_to != undefined)) { %>

Cannot read property 'reprint_from' of undefined
    at eval (eval at <anonymous> (/Users/zxq517/Documents/nodejs_learning/nodejs_demo/blog/node_modules/ejs/lib/ejs.js:237:14), <anonymous>:31:729)
    at eval (eval at <anonymous> (/Users/zxq517/Documents/nodejs_learning/nodejs_demo/blog/node_modules/ejs/lib/ejs.js:237:14), <anonymous>:35:35)
    at /Users/zxq517/Documents/nodejs_learning/nodejs_demo/blog/node_modules/ejs/lib/ejs.js:250:15
    at Object.exports.render (/Users/zxq517/Documents/nodejs_learning/nodejs_demo/blog/node_modules/ejs/lib/ejs.js:288:13)
    at View.exports.renderFile [as engine] (/Users/zxq517/Documents/nodejs_learning/nodejs_demo/blog/node_modules/ejs/lib/ejs.js:318:20)
    at View.render (/Users/zxq517/Documents/nodejs_learning/nodejs_demo/blog/node_modules/express/lib/view.js:76:8)
    at Function.app.render (/Users/zxq517/Documents/nodejs_learning/nodejs_demo/blog/node_modules/express/lib/application.js:504:10)
    at ServerResponse.res.render (/Users/zxq517/Documents/nodejs_learning/nodejs_demo/blog/node_modules/express/lib/response.js:798:7)
    at /Users/zxq517/Documents/nodejs_learning/nodejs_demo/blog/routes/index.js:212:17
    at /Users/zxq517/Documents/nodejs_learning/nodejs_demo/blog/models/post.js:146:21
[Fri Jan 03 2014 18:04:21 GMT+0800 (CST)] /u/eric/2013-12-27/test19
TypeError: /Users/zxq517/Documents/nodejs_learning/nodejs_demo/blog/views/article.ejs:9
    7|     <% var flag = 1 %>
    8|     <% if (user && (user.name != post.name)) { %>
 >> 9|     <% if ((post.reprint_info.reprint_from != undefined) && (user.name == post.reprint_info.reprint_from.name)) { %>
    10|     <% flag = 0 %>
    11|     <% } %>
    12|     <% if ((post.reprint_info.reprint_to != undefined)) { %>

Cannot read property 'reprint_from' of undefined
    at eval (eval at <anonymous> (/Users/zxq517/Documents/nodejs_learning/nodejs_demo/blog/node_modules/ejs/lib/ejs.js:237:14), <anonymous>:31:729)
    at eval (eval at <anonymous> (/Users/zxq517/Documents/nodejs_learning/nodejs_demo/blog/node_modules/ejs/lib/ejs.js:237:14), <anonymous>:35:35)
    at /Users/zxq517/Documents/nodejs_learning/nodejs_demo/blog/node_modules/ejs/lib/ejs.js:250:15
    at Object.exports.render (/Users/zxq517/Documents/nodejs_learning/nodejs_demo/blog/node_modules/ejs/lib/ejs.js:288:13)
    at View.exports.renderFile [as engine] (/Users/zxq517/Documents/nodejs_learning/nodejs_demo/blog/node_modules/ejs/lib/ejs.js:318:20)
    at View.render (/Users/zxq517/Documents/nodejs_learning/nodejs_demo/blog/node_modules/express/lib/view.js:76:8)
    at Function.app.render (/Users/zxq517/Documents/nodejs_learning/nodejs_demo/blog/node_modules/express/lib/application.js:504:10)
    at ServerResponse.res.render (/Users/zxq517/Documents/nodejs_learning/nodejs_demo/blog/node_modules/express/lib/response.js:798:7)
    at /Users/zxq517/Documents/nodejs_learning/nodejs_demo/blog/routes/index.js:212:17
    at /Users/zxq517/Documents/nodejs_learning/nodejs_demo/blog/models/post.js:146:21
[Fri Jan 03 2014 18:04:24 GMT+0800 (CST)] /u/eric/2013-12-27/test19
TypeError: /Users/zxq517/Documents/nodejs_learning/nodejs_demo/blog/views/article.ejs:9
    7|     <% var flag = 1 %>
    8|     <% if (user && (user.name != post.name)) { %>
 >> 9|     <% if ((post.reprint_info.reprint_from != undefined) && (user.name == post.reprint_info.reprint_from.name)) { %>
    10|     <% flag = 0 %>
    11|     <% } %>
    12|     <% if ((post.reprint_info.reprint_to != undefined)) { %>

Cannot read property 'reprint_from' of undefined
    at eval (eval at <anonymous> (/Users/zxq517/Documents/nodejs_learning/nodejs_demo/blog/node_modules/ejs/lib/ejs.js:237:14), <anonymous>:31:729)
    at eval (eval at <anonymous> (/Users/zxq517/Documents/nodejs_learning/nodejs_demo/blog/node_modules/ejs/lib/ejs.js:237:14), <anonymous>:35:35)
    at /Users/zxq517/Documents/nodejs_learning/nodejs_demo/blog/node_modules/ejs/lib/ejs.js:250:15
    at Object.exports.render (/Users/zxq517/Documents/nodejs_learning/nodejs_demo/blog/node_modules/ejs/lib/ejs.js:288:13)
    at View.exports.renderFile [as engine] (/Users/zxq517/Documents/nodejs_learning/nodejs_demo/blog/node_modules/ejs/lib/ejs.js:318:20)
    at View.render (/Users/zxq517/Documents/nodejs_learning/nodejs_demo/blog/node_modules/express/lib/view.js:76:8)
    at Function.app.render (/Users/zxq517/Documents/nodejs_learning/nodejs_demo/blog/node_modules/express/lib/application.js:504:10)
    at ServerResponse.res.render (/Users/zxq517/Documents/nodejs_learning/nodejs_demo/blog/node_modules/express/lib/response.js:798:7)
    at /Users/zxq517/Documents/nodejs_learning/nodejs_demo/blog/routes/index.js:212:17
    at /Users/zxq517/Documents/nodejs_learning/nodejs_demo/blog/models/post.js:146:21
[Fri Jan 03 2014 18:04:25 GMT+0800 (CST)] /u/eric/2013-12-27/test19
TypeError: /Users/zxq517/Documents/nodejs_learning/nodejs_demo/blog/views/article.ejs:9
    7|     <% var flag = 1 %>
    8|     <% if (user && (user.name != post.name)) { %>
 >> 9|     <% if ((post.reprint_info.reprint_from != undefined) && (user.name == post.reprint_info.reprint_from.name)) { %>
    10|     <% flag = 0 %>
    11|     <% } %>
    12|     <% if ((post.reprint_info.reprint_to != undefined)) { %>

Cannot read property 'reprint_from' of undefined
    at eval (eval at <anonymous> (/Users/zxq517/Documents/nodejs_learning/nodejs_demo/blog/node_modules/ejs/lib/ejs.js:237:14), <anonymous>:31:729)
    at eval (eval at <anonymous> (/Users/zxq517/Documents/nodejs_learning/nodejs_demo/blog/node_modules/ejs/lib/ejs.js:237:14), <anonymous>:35:35)
    at /Users/zxq517/Documents/nodejs_learning/nodejs_demo/blog/node_modules/ejs/lib/ejs.js:250:15
    at Object.exports.render (/Users/zxq517/Documents/nodejs_learning/nodejs_demo/blog/node_modules/ejs/lib/ejs.js:288:13)
    at View.exports.renderFile [as engine] (/Users/zxq517/Documents/nodejs_learning/nodejs_demo/blog/node_modules/ejs/lib/ejs.js:318:20)
    at View.render (/Users/zxq517/Documents/nodejs_learning/nodejs_demo/blog/node_modules/express/lib/view.js:76:8)
    at Function.app.render (/Users/zxq517/Documents/nodejs_learning/nodejs_demo/blog/node_modules/express/lib/application.js:504:10)
    at ServerResponse.res.render (/Users/zxq517/Documents/nodejs_learning/nodejs_demo/blog/node_modules/express/lib/response.js:798:7)
    at /Users/zxq517/Documents/nodejs_learning/nodejs_demo/blog/routes/index.js:212:17
    at /Users/zxq517/Documents/nodejs_learning/nodejs_demo/blog/models/post.js:146:21
[Fri Jan 03 2014 18:04:27 GMT+0800 (CST)] /u/eric/2013-12-27/test19
TypeError: /Users/zxq517/Documents/nodejs_learning/nodejs_demo/blog/views/article.ejs:9
    7|     <% var flag = 1 %>
    8|     <% if (user && (user.name != post.name)) { %>
 >> 9|     <% if ((post.reprint_info.reprint_from != undefined) && (user.name == post.reprint_info.reprint_from.name)) { %>
    10|     <% flag = 0 %>
    11|     <% } %>
    12|     <% if ((post.reprint_info.reprint_to != undefined)) { %>

Cannot read property 'reprint_from' of undefined
    at eval (eval at <anonymous> (/Users/zxq517/Documents/nodejs_learning/nodejs_demo/blog/node_modules/ejs/lib/ejs.js:237:14), <anonymous>:31:729)
    at eval (eval at <anonymous> (/Users/zxq517/Documents/nodejs_learning/nodejs_demo/blog/node_modules/ejs/lib/ejs.js:237:14), <anonymous>:35:35)
    at /Users/zxq517/Documents/nodejs_learning/nodejs_demo/blog/node_modules/ejs/lib/ejs.js:250:15
    at Object.exports.render (/Users/zxq517/Documents/nodejs_learning/nodejs_demo/blog/node_modules/ejs/lib/ejs.js:288:13)
    at View.exports.renderFile [as engine] (/Users/zxq517/Documents/nodejs_learning/nodejs_demo/blog/node_modules/ejs/lib/ejs.js:318:20)
    at View.render (/Users/zxq517/Documents/nodejs_learning/nodejs_demo/blog/node_modules/express/lib/view.js:76:8)
    at Function.app.render (/Users/zxq517/Documents/nodejs_learning/nodejs_demo/blog/node_modules/express/lib/application.js:504:10)
    at ServerResponse.res.render (/Users/zxq517/Documents/nodejs_learning/nodejs_demo/blog/node_modules/express/lib/response.js:798:7)
    at /Users/zxq517/Documents/nodejs_learning/nodejs_demo/blog/routes/index.js:212:17
    at /Users/zxq517/Documents/nodejs_learning/nodejs_demo/blog/models/post.js:146:21
[Fri Jan 03 2014 18:04:29 GMT+0800 (CST)] /u/eric/2013-12-27/test19
TypeError: /Users/zxq517/Documents/nodejs_learning/nodejs_demo/blog/views/article.ejs:9
    7|     <% var flag = 1 %>
    8|     <% if (user && (user.name != post.name)) { %>
 >> 9|     <% if ((post.reprint_info.reprint_from != undefined) && (user.name == post.reprint_info.reprint_from.name)) { %>
    10|     <% flag = 0 %>
    11|     <% } %>
    12|     <% if ((post.reprint_info.reprint_to != undefined)) { %>

Cannot read property 'reprint_from' of undefined
    at eval (eval at <anonymous> (/Users/zxq517/Documents/nodejs_learning/nodejs_demo/blog/node_modules/ejs/lib/ejs.js:237:14), <anonymous>:31:729)
    at eval (eval at <anonymous> (/Users/zxq517/Documents/nodejs_learning/nodejs_demo/blog/node_modules/ejs/lib/ejs.js:237:14), <anonymous>:35:35)
    at /Users/zxq517/Documents/nodejs_learning/nodejs_demo/blog/node_modules/ejs/lib/ejs.js:250:15
    at Object.exports.render (/Users/zxq517/Documents/nodejs_learning/nodejs_demo/blog/node_modules/ejs/lib/ejs.js:288:13)
    at View.exports.renderFile [as engine] (/Users/zxq517/Documents/nodejs_learning/nodejs_demo/blog/node_modules/ejs/lib/ejs.js:318:20)
    at View.render (/Users/zxq517/Documents/nodejs_learning/nodejs_demo/blog/node_modules/express/lib/view.js:76:8)
    at Function.app.render (/Users/zxq517/Documents/nodejs_learning/nodejs_demo/blog/node_modules/express/lib/application.js:504:10)
    at ServerResponse.res.render (/Users/zxq517/Documents/nodejs_learning/nodejs_demo/blog/node_modules/express/lib/response.js:798:7)
    at /Users/zxq517/Documents/nodejs_learning/nodejs_demo/blog/routes/index.js:212:17
    at /Users/zxq517/Documents/nodejs_learning/nodejs_demo/blog/models/post.js:146:21
[Fri Jan 03 2014 18:04:31 GMT+0800 (CST)] /u/eric/2013-12-27/test19
TypeError: /Users/zxq517/Documents/nodejs_learning/nodejs_demo/blog/views/article.ejs:9
    7|     <% var flag = 1 %>
    8|     <% if (user && (user.name != post.name)) { %>
 >> 9|     <% if ((post.reprint_info.reprint_from != undefined) && (user.name == post.reprint_info.reprint_from.name)) { %>
    10|     <% flag = 0 %>
    11|     <% } %>
    12|     <% if ((post.reprint_info.reprint_to != undefined)) { %>

Cannot read property 'reprint_from' of undefined
    at eval (eval at <anonymous> (/Users/zxq517/Documents/nodejs_learning/nodejs_demo/blog/node_modules/ejs/lib/ejs.js:237:14), <anonymous>:31:729)
    at eval (eval at <anonymous> (/Users/zxq517/Documents/nodejs_learning/nodejs_demo/blog/node_modules/ejs/lib/ejs.js:237:14), <anonymous>:35:35)
    at /Users/zxq517/Documents/nodejs_learning/nodejs_demo/blog/node_modules/ejs/lib/ejs.js:250:15
    at Object.exports.render (/Users/zxq517/Documents/nodejs_learning/nodejs_demo/blog/node_modules/ejs/lib/ejs.js:288:13)
    at View.exports.renderFile [as engine] (/Users/zxq517/Documents/nodejs_learning/nodejs_demo/blog/node_modules/ejs/lib/ejs.js:318:20)
    at View.render (/Users/zxq517/Documents/nodejs_learning/nodejs_demo/blog/node_modules/express/lib/view.js:76:8)
    at Function.app.render (/Users/zxq517/Documents/nodejs_learning/nodejs_demo/blog/node_modules/express/lib/application.js:504:10)
    at ServerResponse.res.render (/Users/zxq517/Documents/nodejs_learning/nodejs_demo/blog/node_modules/express/lib/response.js:798:7)
    at /Users/zxq517/Documents/nodejs_learning/nodejs_demo/blog/routes/index.js:212:17
    at /Users/zxq517/Documents/nodejs_learning/nodejs_demo/blog/models/post.js:146:21
[Fri Jan 03 2014 18:04:33 GMT+0800 (CST)] /u/eric/2013-12-27/test19
TypeError: /Users/zxq517/Documents/nodejs_learning/nodejs_demo/blog/views/article.ejs:9
    7|     <% var flag = 1 %>
    8|     <% if (user && (user.name != post.name)) { %>
 >> 9|     <% if ((post.reprint_info.reprint_from != undefined) && (user.name == post.reprint_info.reprint_from.name)) { %>
    10|     <% flag = 0 %>
    11|     <% } %>
    12|     <% if ((post.reprint_info.reprint_to != undefined)) { %>

Cannot read property 'reprint_from' of undefined
    at eval (eval at <anonymous> (/Users/zxq517/Documents/nodejs_learning/nodejs_demo/blog/node_modules/ejs/lib/ejs.js:237:14), <anonymous>:31:729)
    at eval (eval at <anonymous> (/Users/zxq517/Documents/nodejs_learning/nodejs_demo/blog/node_modules/ejs/lib/ejs.js:237:14), <anonymous>:35:35)
    at /Users/zxq517/Documents/nodejs_learning/nodejs_demo/blog/node_modules/ejs/lib/ejs.js:250:15
    at Object.exports.render (/Users/zxq517/Documents/nodejs_learning/nodejs_demo/blog/node_modules/ejs/lib/ejs.js:288:13)
    at View.exports.renderFile [as engine] (/Users/zxq517/Documents/nodejs_learning/nodejs_demo/blog/node_modules/ejs/lib/ejs.js:318:20)
    at View.render (/Users/zxq517/Documents/nodejs_learning/nodejs_demo/blog/node_modules/express/lib/view.js:76:8)
    at Function.app.render (/Users/zxq517/Documents/nodejs_learning/nodejs_demo/blog/node_modules/express/lib/application.js:504:10)
    at ServerResponse.res.render (/Users/zxq517/Documents/nodejs_learning/nodejs_demo/blog/node_modules/express/lib/response.js:798:7)
    at /Users/zxq517/Documents/nodejs_learning/nodejs_demo/blog/routes/index.js:212:17
    at /Users/zxq517/Documents/nodejs_learning/nodejs_demo/blog/models/post.js:146:21
[Fri Jan 03 2014 18:05:46 GMT+0800 (CST)] /u/eric/2013-12-27/test19
TypeError: /Users/zxq517/Documents/nodejs_learning/nodejs_demo/blog/views/article.ejs:9
    7|     <% var flag = 1 %>
    8|     <% if (user && (user.name != post.name)) { %>
 >> 9|     <% if ((post.reprint_info.reprint_from != undefined) && (user.name == post.reprint_info.reprint_from.name)) { %>
    10|     <% flag = 0 %>
    11|     <% } %>
    12|     <% if ((post.reprint_info.reprint_to != undefined)) { %>

Cannot read property 'reprint_from' of undefined
    at eval (eval at <anonymous> (/Users/zxq517/Documents/nodejs_learning/nodejs_demo/blog/node_modules/ejs/lib/ejs.js:237:14), <anonymous>:31:729)
    at eval (eval at <anonymous> (/Users/zxq517/Documents/nodejs_learning/nodejs_demo/blog/node_modules/ejs/lib/ejs.js:237:14), <anonymous>:35:35)
    at /Users/zxq517/Documents/nodejs_learning/nodejs_demo/blog/node_modules/ejs/lib/ejs.js:250:15
    at Object.exports.render (/Users/zxq517/Documents/nodejs_learning/nodejs_demo/blog/node_modules/ejs/lib/ejs.js:288:13)
    at View.exports.renderFile [as engine] (/Users/zxq517/Documents/nodejs_learning/nodejs_demo/blog/node_modules/ejs/lib/ejs.js:318:20)
    at View.render (/Users/zxq517/Documents/nodejs_learning/nodejs_demo/blog/node_modules/express/lib/view.js:76:8)
    at Function.app.render (/Users/zxq517/Documents/nodejs_learning/nodejs_demo/blog/node_modules/express/lib/application.js:504:10)
    at ServerResponse.res.render (/Users/zxq517/Documents/nodejs_learning/nodejs_demo/blog/node_modules/express/lib/response.js:798:7)
    at /Users/zxq517/Documents/nodejs_learning/nodejs_demo/blog/routes/index.js:212:17
    at /Users/zxq517/Documents/nodejs_learning/nodejs_demo/blog/models/post.js:146:21
[Fri Jan 03 2014 18:07:46 GMT+0800 (CST)] /u/eric/2013-12-27/test19
TypeError: /Users/zxq517/Documents/nodejs_learning/nodejs_demo/blog/views/article.ejs:9
    7|     <% var flag = 1 %>
    8|     <% if (user && (user.name != post.name)) { %>
 >> 9|     <% if ((post.reprint_info.reprint_from != undefined) && (user.name == post.reprint_info.reprint_from.name)) { %>
    10|     <% flag = 0 %>
    11|     <% } %>
    12|     <% if ((post.reprint_info.reprint_to != undefined)) { %>

Cannot read property 'reprint_from' of undefined
    at eval (eval at <anonymous> (/Users/zxq517/Documents/nodejs_learning/nodejs_demo/blog/node_modules/ejs/lib/ejs.js:237:14), <anonymous>:31:729)
    at eval (eval at <anonymous> (/Users/zxq517/Documents/nodejs_learning/nodejs_demo/blog/node_modules/ejs/lib/ejs.js:237:14), <anonymous>:35:35)
    at /Users/zxq517/Documents/nodejs_learning/nodejs_demo/blog/node_modules/ejs/lib/ejs.js:250:15
    at Object.exports.render (/Users/zxq517/Documents/nodejs_learning/nodejs_demo/blog/node_modules/ejs/lib/ejs.js:288:13)
    at View.exports.renderFile [as engine] (/Users/zxq517/Documents/nodejs_learning/nodejs_demo/blog/node_modules/ejs/lib/ejs.js:318:20)
    at View.render (/Users/zxq517/Documents/nodejs_learning/nodejs_demo/blog/node_modules/express/lib/view.js:76:8)
    at Function.app.render (/Users/zxq517/Documents/nodejs_learning/nodejs_demo/blog/node_modules/express/lib/application.js:504:10)
    at ServerResponse.res.render (/Users/zxq517/Documents/nodejs_learning/nodejs_demo/blog/node_modules/express/lib/response.js:798:7)
    at /Users/zxq517/Documents/nodejs_learning/nodejs_demo/blog/routes/index.js:212:17
    at /Users/zxq517/Documents/nodejs_learning/nodejs_demo/blog/models/post.js:146:21
[Fri Jan 03 2014 18:07:48 GMT+0800 (CST)] /u/eric/2013-12-27/test19
TypeError: /Users/zxq517/Documents/nodejs_learning/nodejs_demo/blog/views/article.ejs:9
    7|     <% var flag = 1 %>
    8|     <% if (user && (user.name != post.name)) { %>
 >> 9|     <% if ((post.reprint_info.reprint_from != undefined) && (user.name == post.reprint_info.reprint_from.name)) { %>
    10|     <% flag = 0 %>
    11|     <% } %>
    12|     <% if ((post.reprint_info.reprint_to != undefined)) { %>

Cannot read property 'reprint_from' of undefined
    at eval (eval at <anonymous> (/Users/zxq517/Documents/nodejs_learning/nodejs_demo/blog/node_modules/ejs/lib/ejs.js:237:14), <anonymous>:31:729)
    at eval (eval at <anonymous> (/Users/zxq517/Documents/nodejs_learning/nodejs_demo/blog/node_modules/ejs/lib/ejs.js:237:14), <anonymous>:35:35)
    at /Users/zxq517/Documents/nodejs_learning/nodejs_demo/blog/node_modules/ejs/lib/ejs.js:250:15
    at Object.exports.render (/Users/zxq517/Documents/nodejs_learning/nodejs_demo/blog/node_modules/ejs/lib/ejs.js:288:13)
    at View.exports.renderFile [as engine] (/Users/zxq517/Documents/nodejs_learning/nodejs_demo/blog/node_modules/ejs/lib/ejs.js:318:20)
    at View.render (/Users/zxq517/Documents/nodejs_learning/nodejs_demo/blog/node_modules/express/lib/view.js:76:8)
    at Function.app.render (/Users/zxq517/Documents/nodejs_learning/nodejs_demo/blog/node_modules/express/lib/application.js:504:10)
    at ServerResponse.res.render (/Users/zxq517/Documents/nodejs_learning/nodejs_demo/blog/node_modules/express/lib/response.js:798:7)
    at /Users/zxq517/Documents/nodejs_learning/nodejs_demo/blog/routes/index.js:212:17
    at /Users/zxq517/Documents/nodejs_learning/nodejs_demo/blog/models/post.js:146:21
[Fri Jan 03 2014 18:08:23 GMT+0800 (CST)] /u/eric/2013-12-27/test19
TypeError: /Users/zxq517/Documents/nodejs_learning/nodejs_demo/blog/views/article.ejs:9
    7|     <% var flag = 1 %>
    8|     <% if (user && (user.name != post.name)) { %>
 >> 9|     <% if ((post.reprint_info.reprint_from != undefined) && (user.name == post.reprint_info.reprint_from.name)) { %>
    10|     <% flag = 0 %>
    11|     <% } %>
    12|     <% if ((post.reprint_info.reprint_to != undefined)) { %>

Cannot read property 'reprint_from' of undefined
    at eval (eval at <anonymous> (/Users/zxq517/Documents/nodejs_learning/nodejs_demo/blog/node_modules/ejs/lib/ejs.js:237:14), <anonymous>:31:729)
    at eval (eval at <anonymous> (/Users/zxq517/Documents/nodejs_learning/nodejs_demo/blog/node_modules/ejs/lib/ejs.js:237:14), <anonymous>:35:35)
    at /Users/zxq517/Documents/nodejs_learning/nodejs_demo/blog/node_modules/ejs/lib/ejs.js:250:15
    at Object.exports.render (/Users/zxq517/Documents/nodejs_learning/nodejs_demo/blog/node_modules/ejs/lib/ejs.js:288:13)
    at View.exports.renderFile [as engine] (/Users/zxq517/Documents/nodejs_learning/nodejs_demo/blog/node_modules/ejs/lib/ejs.js:318:20)
    at View.render (/Users/zxq517/Documents/nodejs_learning/nodejs_demo/blog/node_modules/express/lib/view.js:76:8)
    at Function.app.render (/Users/zxq517/Documents/nodejs_learning/nodejs_demo/blog/node_modules/express/lib/application.js:504:10)
    at ServerResponse.res.render (/Users/zxq517/Documents/nodejs_learning/nodejs_demo/blog/node_modules/express/lib/response.js:798:7)
    at /Users/zxq517/Documents/nodejs_learning/nodejs_demo/blog/routes/index.js:212:17
    at /Users/zxq517/Documents/nodejs_learning/nodejs_demo/blog/models/post.js:146:21
[Fri Jan 03 2014 18:09:04 GMT+0800 (CST)] /u/eric/2013-12-27/test19
TypeError: /Users/zxq517/Documents/nodejs_learning/nodejs_demo/blog/views/article.ejs:10
    8|     <% if (user && (user.name != post.name)) { %>
    9| 
 >> 10|     <% if ((post.reprint_info.reprint_to != undefined)) { %>
    11|     <% post.reprint_info.reprint_to.forEach(function (reprint_to, index) { %>
    12|     <% if (user.name == reprint_to.name) { %>
    13|     <% flag = 0 %>

Cannot read property 'reprint_to' of undefined
    at eval (eval at <anonymous> (/Users/zxq517/Documents/nodejs_learning/nodejs_demo/blog/node_modules/ejs/lib/ejs.js:237:14), <anonymous>:31:732)
    at eval (eval at <anonymous> (/Users/zxq517/Documents/nodejs_learning/nodejs_demo/blog/node_modules/ejs/lib/ejs.js:237:14), <anonymous>:35:35)
    at /Users/zxq517/Documents/nodejs_learning/nodejs_demo/blog/node_modules/ejs/lib/ejs.js:250:15
    at Object.exports.render (/Users/zxq517/Documents/nodejs_learning/nodejs_demo/blog/node_modules/ejs/lib/ejs.js:288:13)
    at View.exports.renderFile [as engine] (/Users/zxq517/Documents/nodejs_learning/nodejs_demo/blog/node_modules/ejs/lib/ejs.js:318:20)
    at View.render (/Users/zxq517/Documents/nodejs_learning/nodejs_demo/blog/node_modules/express/lib/view.js:76:8)
    at Function.app.render (/Users/zxq517/Documents/nodejs_learning/nodejs_demo/blog/node_modules/express/lib/application.js:504:10)
    at ServerResponse.res.render (/Users/zxq517/Documents/nodejs_learning/nodejs_demo/blog/node_modules/express/lib/response.js:798:7)
    at /Users/zxq517/Documents/nodejs_learning/nodejs_demo/blog/routes/index.js:212:17
    at /Users/zxq517/Documents/nodejs_learning/nodejs_demo/blog/models/post.js:146:21
[Fri Jan 03 2014 18:09:29 GMT+0800 (CST)] /u/eric/2013-12-27/test19
TypeError: /Users/zxq517/Documents/nodejs_learning/nodejs_demo/blog/views/article.ejs:9
    7|     <% var flag = 1 %>
    8|     <% if (user && (user.name != post.name)) { %>
 >> 9|     <% if ((post.reprint_info.reprint_from != undefined) && (user.name == post.reprint_info.reprint_from.name)) { %>
    10|     <% flag = 0 %>
    11|     <% } %>
    12|     <% if ((post.reprint_info.reprint_to != undefined)) { %>

Cannot read property 'reprint_from' of undefined
    at eval (eval at <anonymous> (/Users/zxq517/Documents/nodejs_learning/nodejs_demo/blog/node_modules/ejs/lib/ejs.js:237:14), <anonymous>:31:729)
    at eval (eval at <anonymous> (/Users/zxq517/Documents/nodejs_learning/nodejs_demo/blog/node_modules/ejs/lib/ejs.js:237:14), <anonymous>:35:35)
    at /Users/zxq517/Documents/nodejs_learning/nodejs_demo/blog/node_modules/ejs/lib/ejs.js:250:15
    at Object.exports.render (/Users/zxq517/Documents/nodejs_learning/nodejs_demo/blog/node_modules/ejs/lib/ejs.js:288:13)
    at View.exports.renderFile [as engine] (/Users/zxq517/Documents/nodejs_learning/nodejs_demo/blog/node_modules/ejs/lib/ejs.js:318:20)
    at View.render (/Users/zxq517/Documents/nodejs_learning/nodejs_demo/blog/node_modules/express/lib/view.js:76:8)
    at Function.app.render (/Users/zxq517/Documents/nodejs_learning/nodejs_demo/blog/node_modules/express/lib/application.js:504:10)
    at ServerResponse.res.render (/Users/zxq517/Documents/nodejs_learning/nodejs_demo/blog/node_modules/express/lib/response.js:798:7)
    at /Users/zxq517/Documents/nodejs_learning/nodejs_demo/blog/routes/index.js:212:17
    at /Users/zxq517/Documents/nodejs_learning/nodejs_demo/blog/models/post.js:146:21
[Fri Jan 03 2014 18:09:45 GMT+0800 (CST)] /u/eric/2013-12-27/test19
TypeError: /Users/zxq517/Documents/nodejs_learning/nodejs_demo/blog/views/article.ejs:9
    7|     <% var flag = 1 %>
    8|     <% if (user && (user.name != post.name)) { %>
 >> 9|     <% if ((post.reprint_info.reprint_from != undefined) && (user.name == post.reprint_info.reprint_from.name)) { %>
    10|     <% flag = 0 %>
    11|     <% } %>
    12|     

Cannot read property 'reprint_from' of undefined
    at eval (eval at <anonymous> (/Users/zxq517/Documents/nodejs_learning/nodejs_demo/blog/node_modules/ejs/lib/ejs.js:237:14), <anonymous>:31:729)
    at eval (eval at <anonymous> (/Users/zxq517/Documents/nodejs_learning/nodejs_demo/blog/node_modules/ejs/lib/ejs.js:237:14), <anonymous>:35:35)
    at /Users/zxq517/Documents/nodejs_learning/nodejs_demo/blog/node_modules/ejs/lib/ejs.js:250:15
    at Object.exports.render (/Users/zxq517/Documents/nodejs_learning/nodejs_demo/blog/node_modules/ejs/lib/ejs.js:288:13)
    at View.exports.renderFile [as engine] (/Users/zxq517/Documents/nodejs_learning/nodejs_demo/blog/node_modules/ejs/lib/ejs.js:318:20)
    at View.render (/Users/zxq517/Documents/nodejs_learning/nodejs_demo/blog/node_modules/express/lib/view.js:76:8)
    at Function.app.render (/Users/zxq517/Documents/nodejs_learning/nodejs_demo/blog/node_modules/express/lib/application.js:504:10)
    at ServerResponse.res.render (/Users/zxq517/Documents/nodejs_learning/nodejs_demo/blog/node_modules/express/lib/response.js:798:7)
    at /Users/zxq517/Documents/nodejs_learning/nodejs_demo/blog/routes/index.js:212:17
    at /Users/zxq517/Documents/nodejs_learning/nodejs_demo/blog/models/post.js:146:21
[Fri Jan 03 2014 18:09:48 GMT+0800 (CST)] /u/eric/2013-12-27/test19
TypeError: /Users/zxq517/Documents/nodejs_learning/nodejs_demo/blog/views/article.ejs:9
    7|     <% var flag = 1 %>
    8|     <% if (user && (user.name != post.name)) { %>
 >> 9|     <% if ((post.reprint_info.reprint_from != undefined) && (user.name == post.reprint_info.reprint_from.name)) { %>
    10|     <% flag = 0 %>
    11|     <% } %>
    12|     

Cannot read property 'reprint_from' of undefined
    at eval (eval at <anonymous> (/Users/zxq517/Documents/nodejs_learning/nodejs_demo/blog/node_modules/ejs/lib/ejs.js:237:14), <anonymous>:31:729)
    at eval (eval at <anonymous> (/Users/zxq517/Documents/nodejs_learning/nodejs_demo/blog/node_modules/ejs/lib/ejs.js:237:14), <anonymous>:35:35)
    at /Users/zxq517/Documents/nodejs_learning/nodejs_demo/blog/node_modules/ejs/lib/ejs.js:250:15
    at Object.exports.render (/Users/zxq517/Documents/nodejs_learning/nodejs_demo/blog/node_modules/ejs/lib/ejs.js:288:13)
    at View.exports.renderFile [as engine] (/Users/zxq517/Documents/nodejs_learning/nodejs_demo/blog/node_modules/ejs/lib/ejs.js:318:20)
    at View.render (/Users/zxq517/Documents/nodejs_learning/nodejs_demo/blog/node_modules/express/lib/view.js:76:8)
    at Function.app.render (/Users/zxq517/Documents/nodejs_learning/nodejs_demo/blog/node_modules/express/lib/application.js:504:10)
    at ServerResponse.res.render (/Users/zxq517/Documents/nodejs_learning/nodejs_demo/blog/node_modules/express/lib/response.js:798:7)
    at /Users/zxq517/Documents/nodejs_learning/nodejs_demo/blog/routes/index.js:212:17
    at /Users/zxq517/Documents/nodejs_learning/nodejs_demo/blog/models/post.js:146:21
[Fri Jan 03 2014 18:10:25 GMT+0800 (CST)] /u/eric/2013-12-27/test19
TypeError: /Users/zxq517/Documents/nodejs_learning/nodejs_demo/blog/views/article.ejs:9
    7|     <% var flag = 1 %>
    8|     <% if (user && (user.name != post.name)) { %>
 >> 9|     <% if ((post.reprint_info.reprint_from != undefined) && (user.name == post.reprint_info.reprint_from.name)) { %>
    10|     <% flag = 0 %>
    11|     <% } %>
    12|     <% if ((post.reprint_info.reprint_to != undefined)) { %>

Cannot read property 'reprint_from' of undefined
    at eval (eval at <anonymous> (/Users/zxq517/Documents/nodejs_learning/nodejs_demo/blog/node_modules/ejs/lib/ejs.js:237:14), <anonymous>:31:729)
    at eval (eval at <anonymous> (/Users/zxq517/Documents/nodejs_learning/nodejs_demo/blog/node_modules/ejs/lib/ejs.js:237:14), <anonymous>:35:35)
    at /Users/zxq517/Documents/nodejs_learning/nodejs_demo/blog/node_modules/ejs/lib/ejs.js:250:15
    at Object.exports.render (/Users/zxq517/Documents/nodejs_learning/nodejs_demo/blog/node_modules/ejs/lib/ejs.js:288:13)
    at View.exports.renderFile [as engine] (/Users/zxq517/Documents/nodejs_learning/nodejs_demo/blog/node_modules/ejs/lib/ejs.js:318:20)
    at View.render (/Users/zxq517/Documents/nodejs_learning/nodejs_demo/blog/node_modules/express/lib/view.js:76:8)
    at Function.app.render (/Users/zxq517/Documents/nodejs_learning/nodejs_demo/blog/node_modules/express/lib/application.js:504:10)
    at ServerResponse.res.render (/Users/zxq517/Documents/nodejs_learning/nodejs_demo/blog/node_modules/express/lib/response.js:798:7)
    at /Users/zxq517/Documents/nodejs_learning/nodejs_demo/blog/routes/index.js:212:17
    at /Users/zxq517/Documents/nodejs_learning/nodejs_demo/blog/models/post.js:146:21
[Fri Jan 03 2014 18:12:13 GMT+0800 (CST)] /
Error: db object already connecting, open cannot be called multiple times
    at Db.open (/Users/zxq517/Documents/nodejs_learning/nodejs_demo/blog/node_modules/mongodb/lib/mongodb/db.js:246:11)
    at Function.Post.getTen (/Users/zxq517/Documents/nodejs_learning/nodejs_demo/blog/models/post.js:66:13)
    at /Users/zxq517/Documents/nodejs_learning/nodejs_demo/blog/routes/index.js:12:14
    at callbacks (/Users/zxq517/Documents/nodejs_learning/nodejs_demo/blog/node_modules/express/lib/router/index.js:164:37)
    at param (/Users/zxq517/Documents/nodejs_learning/nodejs_demo/blog/node_modules/express/lib/router/index.js:138:11)
    at pass (/Users/zxq517/Documents/nodejs_learning/nodejs_demo/blog/node_modules/express/lib/router/index.js:145:5)
    at Router._dispatch (/Users/zxq517/Documents/nodejs_learning/nodejs_demo/blog/node_modules/express/lib/router/index.js:173:5)
    at Object.router (/Users/zxq517/Documents/nodejs_learning/nodejs_demo/blog/node_modules/express/lib/router/index.js:33:10)
    at next (/Users/zxq517/Documents/nodejs_learning/nodejs_demo/blog/node_modules/express/node_modules/connect/lib/proto.js:193:15)
    at next (/Users/zxq517/Documents/nodejs_learning/nodejs_demo/blog/node_modules/express/node_modules/connect/lib/middleware/session.js:315:9)
[Fri Jan 03 2014 18:12:50 GMT+0800 (CST)] /reprint/eric/2013-12-27/tag%20test2
Error: db object already connecting, open cannot be called multiple times
    at Db.open (/Users/zxq517/Documents/nodejs_learning/nodejs_demo/blog/node_modules/mongodb/lib/mongodb/db.js:246:11)
    at Function.Post.edit (/Users/zxq517/Documents/nodejs_learning/nodejs_demo/blog/models/post.js:156:13)
    at /Users/zxq517/Documents/nodejs_learning/nodejs_demo/blog/routes/index.js:295:14
    at callbacks (/Users/zxq517/Documents/nodejs_learning/nodejs_demo/blog/node_modules/express/lib/router/index.js:164:37)
    at param (/Users/zxq517/Documents/nodejs_learning/nodejs_demo/blog/node_modules/express/lib/router/index.js:138:11)
    at param (/Users/zxq517/Documents/nodejs_learning/nodejs_demo/blog/node_modules/express/lib/router/index.js:135:11)
    at param (/Users/zxq517/Documents/nodejs_learning/nodejs_demo/blog/node_modules/express/lib/router/index.js:135:11)
    at param (/Users/zxq517/Documents/nodejs_learning/nodejs_demo/blog/node_modules/express/lib/router/index.js:135:11)
    at pass (/Users/zxq517/Documents/nodejs_learning/nodejs_demo/blog/node_modules/express/lib/router/index.js:145:5)
    at nextRoute (/Users/zxq517/Documents/nodejs_learning/nodejs_demo/blog/node_modules/express/lib/router/index.js:100:7)
[Fri Jan 03 2014 18:14:12 GMT+0800 (CST)] /u/eric/2013-12-27/tag%20test2
TypeError: /Users/zxq517/Documents/nodejs_learning/nodejs_demo/blog/views/article.ejs:9
    7|     <% var flag = 1 %>
    8|     <% if (user && (user.name != post.name)) { %>
 >> 9|     <% if ((post.reprint_info.reprint_from != undefined) && (user.name == post.reprint_info.reprint_from.name)) { console.log('1--'); %>
    10|     <% flag = 0 %>
    11|     <% } %>
    12|     <% if ((post.reprint_info.reprint_to != undefined)) { %>

Cannot read property 'reprint_from' of undefined
    at eval (eval at <anonymous> (/Users/zxq517/Documents/nodejs_learning/nodejs_demo/blog/node_modules/ejs/lib/ejs.js:237:14), <anonymous>:31:729)
    at eval (eval at <anonymous> (/Users/zxq517/Documents/nodejs_learning/nodejs_demo/blog/node_modules/ejs/lib/ejs.js:237:14), <anonymous>:35:35)
    at /Users/zxq517/Documents/nodejs_learning/nodejs_demo/blog/node_modules/ejs/lib/ejs.js:250:15
    at Object.exports.render (/Users/zxq517/Documents/nodejs_learning/nodejs_demo/blog/node_modules/ejs/lib/ejs.js:288:13)
    at View.exports.renderFile [as engine] (/Users/zxq517/Documents/nodejs_learning/nodejs_demo/blog/node_modules/ejs/lib/ejs.js:318:20)
    at View.render (/Users/zxq517/Documents/nodejs_learning/nodejs_demo/blog/node_modules/express/lib/view.js:76:8)
    at Function.app.render (/Users/zxq517/Documents/nodejs_learning/nodejs_demo/blog/node_modules/express/lib/application.js:504:10)
    at ServerResponse.res.render (/Users/zxq517/Documents/nodejs_learning/nodejs_demo/blog/node_modules/express/lib/response.js:798:7)
    at /Users/zxq517/Documents/nodejs_learning/nodejs_demo/blog/routes/index.js:212:17
    at /Users/zxq517/Documents/nodejs_learning/nodejs_demo/blog/models/post.js:146:21
[Fri Jan 03 2014 18:14:53 GMT+0800 (CST)] /u/eric/2013-12-27/tag%20test2
TypeError: /Users/zxq517/Documents/nodejs_learning/nodejs_demo/blog/views/article.ejs:9
    7|     <% var flag = 1 %>
    8|     <% if (user && (user.name != post.name)) {console.log('1--'); %>
 >> 9|     <% if ((post.reprint_info.reprint_from != undefined) && (user.name == post.reprint_info.reprint_from.name)) { %>
    10|     <% flag = 0 %>
    11|     <% } %>
    12|     <% if ((post.reprint_info.reprint_to != undefined)) { %>

Cannot read property 'reprint_from' of undefined
    at eval (eval at <anonymous> (/Users/zxq517/Documents/nodejs_learning/nodejs_demo/blog/node_modules/ejs/lib/ejs.js:237:14), <anonymous>:31:748)
    at eval (eval at <anonymous> (/Users/zxq517/Documents/nodejs_learning/nodejs_demo/blog/node_modules/ejs/lib/ejs.js:237:14), <anonymous>:35:35)
    at /Users/zxq517/Documents/nodejs_learning/nodejs_demo/blog/node_modules/ejs/lib/ejs.js:250:15
    at Object.exports.render (/Users/zxq517/Documents/nodejs_learning/nodejs_demo/blog/node_modules/ejs/lib/ejs.js:288:13)
    at View.exports.renderFile [as engine] (/Users/zxq517/Documents/nodejs_learning/nodejs_demo/blog/node_modules/ejs/lib/ejs.js:318:20)
    at View.render (/Users/zxq517/Documents/nodejs_learning/nodejs_demo/blog/node_modules/express/lib/view.js:76:8)
    at Function.app.render (/Users/zxq517/Documents/nodejs_learning/nodejs_demo/blog/node_modules/express/lib/application.js:504:10)
    at ServerResponse.res.render (/Users/zxq517/Documents/nodejs_learning/nodejs_demo/blog/node_modules/express/lib/response.js:798:7)
    at /Users/zxq517/Documents/nodejs_learning/nodejs_demo/blog/routes/index.js:212:17
    at /Users/zxq517/Documents/nodejs_learning/nodejs_demo/blog/models/post.js:146:21
[Fri Jan 03 2014 18:15:22 GMT+0800 (CST)] /u/eric/2013-12-27/tag%20test2
TypeError: /Users/zxq517/Documents/nodejs_learning/nodejs_demo/blog/views/article.ejs:12
    10|     <% flag = 0 %>
    11|     <% } %>
 >> 12|     <% if ((post.reprint_info.reprint_to != undefined)) { %>
    13|     <% post.reprint_info.reprint_to.forEach(function (reprint_to, index) { %>
    14|     <% if (user.name == reprint_to.name) { %>
    15|     <% flag = 0 %>

Cannot read property 'reprint_to' of undefined
    at eval (eval at <anonymous> (/Users/zxq517/Documents/nodejs_learning/nodejs_demo/blog/node_modules/ejs/lib/ejs.js:237:14), <anonymous>:31:1011)
    at eval (eval at <anonymous> (/Users/zxq517/Documents/nodejs_learning/nodejs_demo/blog/node_modules/ejs/lib/ejs.js:237:14), <anonymous>:35:35)
    at /Users/zxq517/Documents/nodejs_learning/nodejs_demo/blog/node_modules/ejs/lib/ejs.js:250:15
    at Object.exports.render (/Users/zxq517/Documents/nodejs_learning/nodejs_demo/blog/node_modules/ejs/lib/ejs.js:288:13)
    at View.exports.renderFile [as engine] (/Users/zxq517/Documents/nodejs_learning/nodejs_demo/blog/node_modules/ejs/lib/ejs.js:318:20)
    at View.render (/Users/zxq517/Documents/nodejs_learning/nodejs_demo/blog/node_modules/express/lib/view.js:76:8)
    at Function.app.render (/Users/zxq517/Documents/nodejs_learning/nodejs_demo/blog/node_modules/express/lib/application.js:504:10)
    at ServerResponse.res.render (/Users/zxq517/Documents/nodejs_learning/nodejs_demo/blog/node_modules/express/lib/response.js:798:7)
    at /Users/zxq517/Documents/nodejs_learning/nodejs_demo/blog/routes/index.js:212:17
    at /Users/zxq517/Documents/nodejs_learning/nodejs_demo/blog/models/post.js:146:21
[Fri Jan 03 2014 18:15:45 GMT+0800 (CST)] /u/eric/2013-12-27/tag%20test2
TypeError: /Users/zxq517/Documents/nodejs_learning/nodejs_demo/blog/views/article.ejs:12
    10|     <% flag = 0 %>
    11|     <% } %>
 >> 12|     <% if ((post.reprint_info.reprint_to != undefined)) { %>
    13|     <% post.reprint_info.reprint_to.forEach(function (reprint_to, index) { %>
    14|     <% if (user.name == reprint_to.name) { %>
    15|     <% flag = 0 %>

Cannot read property 'reprint_to' of undefined
    at eval (eval at <anonymous> (/Users/zxq517/Documents/nodejs_learning/nodejs_demo/blog/node_modules/ejs/lib/ejs.js:237:14), <anonymous>:31:1007)
    at eval (eval at <anonymous> (/Users/zxq517/Documents/nodejs_learning/nodejs_demo/blog/node_modules/ejs/lib/ejs.js:237:14), <anonymous>:35:35)
    at /Users/zxq517/Documents/nodejs_learning/nodejs_demo/blog/node_modules/ejs/lib/ejs.js:250:15
    at Object.exports.render (/Users/zxq517/Documents/nodejs_learning/nodejs_demo/blog/node_modules/ejs/lib/ejs.js:288:13)
    at View.exports.renderFile [as engine] (/Users/zxq517/Documents/nodejs_learning/nodejs_demo/blog/node_modules/ejs/lib/ejs.js:318:20)
    at View.render (/Users/zxq517/Documents/nodejs_learning/nodejs_demo/blog/node_modules/express/lib/view.js:76:8)
    at Function.app.render (/Users/zxq517/Documents/nodejs_learning/nodejs_demo/blog/node_modules/express/lib/application.js:504:10)
    at ServerResponse.res.render (/Users/zxq517/Documents/nodejs_learning/nodejs_demo/blog/node_modules/express/lib/response.js:798:7)
    at /Users/zxq517/Documents/nodejs_learning/nodejs_demo/blog/routes/index.js:212:17
    at /Users/zxq517/Documents/nodejs_learning/nodejs_demo/blog/models/post.js:146:21
[Fri Jan 03 2014 18:16:23 GMT+0800 (CST)] /u/eric/2013-12-27/tag%20test2
TypeError: /Users/zxq517/Documents/nodejs_learning/nodejs_demo/blog/views/article.ejs:12
    10|     <% flag = 0 %>
    11|     <% } %>
 >> 12|     <% if ((post.reprint_info.reprint_to != undefined)) { %>
    13|     <% post.reprint_info.reprint_to.forEach(function (reprint_to, index) { console.log('2--');  %>
    14|     <% if (user.name == reprint_to.name) { console.log('3--',index);  %>
    15|     <% flag = 0 %>

Cannot read property 'reprint_to' of undefined
    at eval (eval at <anonymous> (/Users/zxq517/Documents/nodejs_learning/nodejs_demo/blog/node_modules/ejs/lib/ejs.js:237:14), <anonymous>:31:1007)
    at eval (eval at <anonymous> (/Users/zxq517/Documents/nodejs_learning/nodejs_demo/blog/node_modules/ejs/lib/ejs.js:237:14), <anonymous>:35:35)
    at /Users/zxq517/Documents/nodejs_learning/nodejs_demo/blog/node_modules/ejs/lib/ejs.js:250:15
    at Object.exports.render (/Users/zxq517/Documents/nodejs_learning/nodejs_demo/blog/node_modules/ejs/lib/ejs.js:288:13)
    at View.exports.renderFile [as engine] (/Users/zxq517/Documents/nodejs_learning/nodejs_demo/blog/node_modules/ejs/lib/ejs.js:318:20)
    at View.render (/Users/zxq517/Documents/nodejs_learning/nodejs_demo/blog/node_modules/express/lib/view.js:76:8)
    at Function.app.render (/Users/zxq517/Documents/nodejs_learning/nodejs_demo/blog/node_modules/express/lib/application.js:504:10)
    at ServerResponse.res.render (/Users/zxq517/Documents/nodejs_learning/nodejs_demo/blog/node_modules/express/lib/response.js:798:7)
    at /Users/zxq517/Documents/nodejs_learning/nodejs_demo/blog/routes/index.js:212:17
    at /Users/zxq517/Documents/nodejs_learning/nodejs_demo/blog/models/post.js:146:21
[Fri Jan 03 2014 18:17:02 GMT+0800 (CST)] /u/eric/2013-12-27/tag%20test2
TypeError: /Users/zxq517/Documents/nodejs_learning/nodejs_demo/blog/views/article.ejs:12
    10|     <% flag = 0 %>
    11|     <% } %>
 >> 12|     <% if ((post.reprint_info.reprint_to != undefined)) {console.log('2--'); %>
    13|     <% post.reprint_info.reprint_to.forEach(function (reprint_to, index) { console.log('3--');  %>
    14|     <% if (user.name == reprint_to.name) { console.log('4--',index);  %>
    15|     <% flag = 0 %>

Cannot read property 'reprint_to' of undefined
    at eval (eval at <anonymous> (/Users/zxq517/Documents/nodejs_learning/nodejs_demo/blog/node_modules/ejs/lib/ejs.js:237:14), <anonymous>:31:1007)
    at eval (eval at <anonymous> (/Users/zxq517/Documents/nodejs_learning/nodejs_demo/blog/node_modules/ejs/lib/ejs.js:237:14), <anonymous>:35:35)
    at /Users/zxq517/Documents/nodejs_learning/nodejs_demo/blog/node_modules/ejs/lib/ejs.js:250:15
    at Object.exports.render (/Users/zxq517/Documents/nodejs_learning/nodejs_demo/blog/node_modules/ejs/lib/ejs.js:288:13)
    at View.exports.renderFile [as engine] (/Users/zxq517/Documents/nodejs_learning/nodejs_demo/blog/node_modules/ejs/lib/ejs.js:318:20)
    at View.render (/Users/zxq517/Documents/nodejs_learning/nodejs_demo/blog/node_modules/express/lib/view.js:76:8)
    at Function.app.render (/Users/zxq517/Documents/nodejs_learning/nodejs_demo/blog/node_modules/express/lib/application.js:504:10)
    at ServerResponse.res.render (/Users/zxq517/Documents/nodejs_learning/nodejs_demo/blog/node_modules/express/lib/response.js:798:7)
    at /Users/zxq517/Documents/nodejs_learning/nodejs_demo/blog/routes/index.js:212:17
    at /Users/zxq517/Documents/nodejs_learning/nodejs_demo/blog/models/post.js:146:21
[Fri Jan 03 2014 18:19:18 GMT+0800 (CST)] /u/eric/2013-12-27/tag%20test2
TypeError: /Users/zxq517/Documents/nodejs_learning/nodejs_demo/blog/views/article.ejs:12
    10|     <% flag = 0 %>
    11|     <% } %>
 >> 12|     <% if ((post.reprint_info.reprint_to != undefined)) {console.log('2--'); %>
    13|     <% post.reprint_info.reprint_to.forEach(function (reprint_to, index) { console.log('3--');  %>
    14|     <% if (user.name == reprint_to.name) { console.log('4--',index);  %>
    15|     <% flag = 0 %>

Cannot read property 'reprint_to' of undefined
    at eval (eval at <anonymous> (/Users/zxq517/Documents/nodejs_learning/nodejs_demo/blog/node_modules/ejs/lib/ejs.js:237:14), <anonymous>:31:1007)
    at eval (eval at <anonymous> (/Users/zxq517/Documents/nodejs_learning/nodejs_demo/blog/node_modules/ejs/lib/ejs.js:237:14), <anonymous>:35:35)
    at /Users/zxq517/Documents/nodejs_learning/nodejs_demo/blog/node_modules/ejs/lib/ejs.js:250:15
    at Object.exports.render (/Users/zxq517/Documents/nodejs_learning/nodejs_demo/blog/node_modules/ejs/lib/ejs.js:288:13)
    at View.exports.renderFile [as engine] (/Users/zxq517/Documents/nodejs_learning/nodejs_demo/blog/node_modules/ejs/lib/ejs.js:318:20)
    at View.render (/Users/zxq517/Documents/nodejs_learning/nodejs_demo/blog/node_modules/express/lib/view.js:76:8)
    at Function.app.render (/Users/zxq517/Documents/nodejs_learning/nodejs_demo/blog/node_modules/express/lib/application.js:504:10)
    at ServerResponse.res.render (/Users/zxq517/Documents/nodejs_learning/nodejs_demo/blog/node_modules/express/lib/response.js:798:7)
    at /Users/zxq517/Documents/nodejs_learning/nodejs_demo/blog/routes/index.js:212:17
    at /Users/zxq517/Documents/nodejs_learning/nodejs_demo/blog/models/post.js:146:21
[Fri Jan 03 2014 18:19:27 GMT+0800 (CST)] /u/eric/2013-12-27/tag%20test2
TypeError: /Users/zxq517/Documents/nodejs_learning/nodejs_demo/blog/views/article.ejs:12
    10|     <% flag = 0 %>
    11|     <% } %>
 >> 12|     <% if ((post.reprint_info.reprint_to != undefined)) {console.log('2--'); %>
    13|     <% post.reprint_info.reprint_to.forEach(function (reprint_to, index) { console.log('3--');  %>
    14|     <% if (user.name == reprint_to.name) { console.log('4--',index);  %>
    15|     <% flag = 0 %>

Cannot read property 'reprint_to' of undefined
    at eval (eval at <anonymous> (/Users/zxq517/Documents/nodejs_learning/nodejs_demo/blog/node_modules/ejs/lib/ejs.js:237:14), <anonymous>:31:1007)
    at eval (eval at <anonymous> (/Users/zxq517/Documents/nodejs_learning/nodejs_demo/blog/node_modules/ejs/lib/ejs.js:237:14), <anonymous>:35:35)
    at /Users/zxq517/Documents/nodejs_learning/nodejs_demo/blog/node_modules/ejs/lib/ejs.js:250:15
    at Object.exports.render (/Users/zxq517/Documents/nodejs_learning/nodejs_demo/blog/node_modules/ejs/lib/ejs.js:288:13)
    at View.exports.renderFile [as engine] (/Users/zxq517/Documents/nodejs_learning/nodejs_demo/blog/node_modules/ejs/lib/ejs.js:318:20)
    at View.render (/Users/zxq517/Documents/nodejs_learning/nodejs_demo/blog/node_modules/express/lib/view.js:76:8)
    at Function.app.render (/Users/zxq517/Documents/nodejs_learning/nodejs_demo/blog/node_modules/express/lib/application.js:504:10)
    at ServerResponse.res.render (/Users/zxq517/Documents/nodejs_learning/nodejs_demo/blog/node_modules/express/lib/response.js:798:7)
    at /Users/zxq517/Documents/nodejs_learning/nodejs_demo/blog/routes/index.js:212:17
    at /Users/zxq517/Documents/nodejs_learning/nodejs_demo/blog/models/post.js:146:21
[Fri Jan 03 2014 18:19:38 GMT+0800 (CST)] /u/%E5%BC%A0%E5%AD%9D%E5%B3%B01/2013-12-30/%E5%BC%A0%E5%AD%9D%E5%B3%B01
TypeError: /Users/zxq517/Documents/nodejs_learning/nodejs_demo/blog/views/article.ejs:12
    10|     <% flag = 0 %>
    11|     <% } %>
 >> 12|     <% if ((post.reprint_info.reprint_to != undefined)) {console.log('2--'); %>
    13|     <% post.reprint_info.reprint_to.forEach(function (reprint_to, index) { console.log('3--');  %>
    14|     <% if (user.name == reprint_to.name) { console.log('4--',index);  %>
    15|     <% flag = 0 %>

Cannot read property 'reprint_to' of undefined
    at eval (eval at <anonymous> (/Users/zxq517/Documents/nodejs_learning/nodejs_demo/blog/node_modules/ejs/lib/ejs.js:237:14), <anonymous>:31:1007)
    at eval (eval at <anonymous> (/Users/zxq517/Documents/nodejs_learning/nodejs_demo/blog/node_modules/ejs/lib/ejs.js:237:14), <anonymous>:35:35)
    at /Users/zxq517/Documents/nodejs_learning/nodejs_demo/blog/node_modules/ejs/lib/ejs.js:250:15
    at Object.exports.render (/Users/zxq517/Documents/nodejs_learning/nodejs_demo/blog/node_modules/ejs/lib/ejs.js:288:13)
    at View.exports.renderFile [as engine] (/Users/zxq517/Documents/nodejs_learning/nodejs_demo/blog/node_modules/ejs/lib/ejs.js:318:20)
    at View.render (/Users/zxq517/Documents/nodejs_learning/nodejs_demo/blog/node_modules/express/lib/view.js:76:8)
    at Function.app.render (/Users/zxq517/Documents/nodejs_learning/nodejs_demo/blog/node_modules/express/lib/application.js:504:10)
    at ServerResponse.res.render (/Users/zxq517/Documents/nodejs_learning/nodejs_demo/blog/node_modules/express/lib/response.js:798:7)
    at /Users/zxq517/Documents/nodejs_learning/nodejs_demo/blog/routes/index.js:212:17
    at /Users/zxq517/Documents/nodejs_learning/nodejs_demo/blog/models/post.js:146:21
[Fri Jan 03 2014 18:20:01 GMT+0800 (CST)] /u/%E5%BC%A0%E5%AD%9D%E5%B3%B01/2013-12-30/%E5%BC%A0%E5%AD%9D%E5%B3%B01
TypeError: /Users/zxq517/Documents/nodejs_learning/nodejs_demo/blog/views/article.ejs:12
    10|     <% flag = 0 %>
    11|     <% } %>
 >> 12|     <% if ((post.reprint_info.reprint_to != undefined)) {console.log('2--'); %>
    13|     <% post.reprint_info.reprint_to.forEach(function (reprint_to, index) { console.log('3--');  %>
    14|     <% if (user.name == reprint_to.name) { console.log('4--',index);  %>
    15|     <% flag = 0 %>

Cannot read property 'reprint_to' of undefined
    at eval (eval at <anonymous> (/Users/zxq517/Documents/nodejs_learning/nodejs_demo/blog/node_modules/ejs/lib/ejs.js:237:14), <anonymous>:31:1026)
    at eval (eval at <anonymous> (/Users/zxq517/Documents/nodejs_learning/nodejs_demo/blog/node_modules/ejs/lib/ejs.js:237:14), <anonymous>:35:35)
    at /Users/zxq517/Documents/nodejs_learning/nodejs_demo/blog/node_modules/ejs/lib/ejs.js:250:15
    at Object.exports.render (/Users/zxq517/Documents/nodejs_learning/nodejs_demo/blog/node_modules/ejs/lib/ejs.js:288:13)
    at View.exports.renderFile [as engine] (/Users/zxq517/Documents/nodejs_learning/nodejs_demo/blog/node_modules/ejs/lib/ejs.js:318:20)
    at View.render (/Users/zxq517/Documents/nodejs_learning/nodejs_demo/blog/node_modules/express/lib/view.js:76:8)
    at Function.app.render (/Users/zxq517/Documents/nodejs_learning/nodejs_demo/blog/node_modules/express/lib/application.js:504:10)
    at ServerResponse.res.render (/Users/zxq517/Documents/nodejs_learning/nodejs_demo/blog/node_modules/express/lib/response.js:798:7)
    at /Users/zxq517/Documents/nodejs_learning/nodejs_demo/blog/routes/index.js:212:17
    at /Users/zxq517/Documents/nodejs_learning/nodejs_demo/blog/models/post.js:146:21
[Fri Jan 03 2014 18:20:33 GMT+0800 (CST)] /u/%E5%BC%A0%E5%AD%9D%E5%B3%B01/2013-12-30/%E5%BC%A0%E5%AD%9D%E5%B3%B01
TypeError: /Users/zxq517/Documents/nodejs_learning/nodejs_demo/blog/views/article.ejs:12
    10|     <% flag = 0 %>
    11|     <% } %>
 >> 12|     <% if ((post.reprint_info.reprint_to != undefined)) {console.log('2--'); %>
    13|     <% post.reprint_info.reprint_to.forEach(function (reprint_to, index) { console.log('3--');  %>
    14|     <% if (user.name == reprint_to.name) { console.log('4--',index);  %>
    15|     <% flag = 0 %>

Cannot read property 'reprint_to' of undefined
    at eval (eval at <anonymous> (/Users/zxq517/Documents/nodejs_learning/nodejs_demo/blog/node_modules/ejs/lib/ejs.js:237:14), <anonymous>:31:1045)
    at eval (eval at <anonymous> (/Users/zxq517/Documents/nodejs_learning/nodejs_demo/blog/node_modules/ejs/lib/ejs.js:237:14), <anonymous>:35:35)
    at /Users/zxq517/Documents/nodejs_learning/nodejs_demo/blog/node_modules/ejs/lib/ejs.js:250:15
    at Object.exports.render (/Users/zxq517/Documents/nodejs_learning/nodejs_demo/blog/node_modules/ejs/lib/ejs.js:288:13)
    at View.exports.renderFile [as engine] (/Users/zxq517/Documents/nodejs_learning/nodejs_demo/blog/node_modules/ejs/lib/ejs.js:318:20)
    at View.render (/Users/zxq517/Documents/nodejs_learning/nodejs_demo/blog/node_modules/express/lib/view.js:76:8)
    at Function.app.render (/Users/zxq517/Documents/nodejs_learning/nodejs_demo/blog/node_modules/express/lib/application.js:504:10)
    at ServerResponse.res.render (/Users/zxq517/Documents/nodejs_learning/nodejs_demo/blog/node_modules/express/lib/response.js:798:7)
    at /Users/zxq517/Documents/nodejs_learning/nodejs_demo/blog/routes/index.js:212:17
    at /Users/zxq517/Documents/nodejs_learning/nodejs_demo/blog/models/post.js:146:21
[Tue Jan 07 2014 11:00:08 GMT+0800 (CST)] /u/%E5%BC%A0%E5%AD%9D%E5%B3%B01/2013-12-30/%E5%BC%A0%E5%AD%9D%E5%B3%B01
TypeError: /Users/zxq517/Documents/nodejs_learning/nodejs_demo/blog/views/article.ejs:12
    10|     <% flag = 0 %>
    11|     <% } %>
 >> 12|     <% if ((post.reprint_info.reprint_to != undefined)) {console.log('2--'); %>
    13|     <% post.reprint_info.reprint_to.forEach(function (reprint_to, index) { console.log('3--');  %>
    14|     <% if (user.name == reprint_to.name) { console.log('4--',index);  %>
    15|     <% flag = 0 %>

Cannot read property 'reprint_to' of undefined
    at eval (eval at <anonymous> (/Users/zxq517/Documents/nodejs_learning/nodejs_demo/blog/node_modules/ejs/lib/ejs.js:237:14), <anonymous>:31:1045)
    at eval (eval at <anonymous> (/Users/zxq517/Documents/nodejs_learning/nodejs_demo/blog/node_modules/ejs/lib/ejs.js:237:14), <anonymous>:35:35)
    at /Users/zxq517/Documents/nodejs_learning/nodejs_demo/blog/node_modules/ejs/lib/ejs.js:250:15
    at Object.exports.render (/Users/zxq517/Documents/nodejs_learning/nodejs_demo/blog/node_modules/ejs/lib/ejs.js:288:13)
    at View.exports.renderFile [as engine] (/Users/zxq517/Documents/nodejs_learning/nodejs_demo/blog/node_modules/ejs/lib/ejs.js:318:20)
    at View.render (/Users/zxq517/Documents/nodejs_learning/nodejs_demo/blog/node_modules/express/lib/view.js:76:8)
    at Function.app.render (/Users/zxq517/Documents/nodejs_learning/nodejs_demo/blog/node_modules/express/lib/application.js:504:10)
    at ServerResponse.res.render (/Users/zxq517/Documents/nodejs_learning/nodejs_demo/blog/node_modules/express/lib/response.js:798:7)
    at /Users/zxq517/Documents/nodejs_learning/nodejs_demo/blog/routes/index.js:212:17
    at /Users/zxq517/Documents/nodejs_learning/nodejs_demo/blog/models/post.js:146:21
